

================================================================
== Vitis HLS Report for 'dense_layer_3'
================================================================
* Date:           Sat Dec 13 15:03:07 2025

* Version:        2024.2.2 (Build 6049644 on Mar  5 2025)
* Project:        bnn
* Solution:       solution1 (Vivado IP Flow Target)
* Product family: zynq
* Target device:  xc7z020-clg400-1


================================================================
== Performance Estimates
================================================================
+ Timing: 
    * Summary: 
    +--------+----------+----------+------------+
    |  Clock |  Target  | Estimated| Uncertainty|
    +--------+----------+----------+------------+
    |ap_clk  |  10.00 ns|  6.717 ns|     2.70 ns|
    +--------+----------+----------+------------+

+ Latency: 
    * Summary: 
    +---------+---------+----------+----------+-----+-----+------------------------------------------------+
    |  Latency (cycles) |  Latency (absolute) |  Interval |                    Pipeline                    |
    |   min   |   max   |    min   |    max   | min | max |                      Type                      |
    +---------+---------+----------+----------+-----+-----+------------------------------------------------+
    |       10|       10|  0.100 us|  0.100 us|    5|    5|  loop auto-rewind stp (delay=0 clock cycles(s))|
    +---------+---------+----------+----------+-----+-----+------------------------------------------------+

    + Detail: 
        * Instance: 
        N/A

        * Loop: 
        +-------------------+---------+---------+----------+-----------+-----------+------+----------+
        |                   |  Latency (cycles) | Iteration|  Initiation Interval  | Trip |          |
        |     Loop Name     |   min   |   max   |  Latency |  achieved |   target  | Count| Pipelined|
        +-------------------+---------+---------+----------+-----------+-----------+------+----------+
        |- VITIS_LOOP_34_1  |        8|        8|         5|          1|          1|     5|       yes|
        +-------------------+---------+---------+----------+-----------+-----------+------+----------+



================================================================
== Utilization Estimates
================================================================
* Summary: 
+-----------------+---------+-----+--------+-------+-----+
|       Name      | BRAM_18K| DSP |   FF   |  LUT  | URAM|
+-----------------+---------+-----+--------+-------+-----+
|DSP              |        -|    -|       -|      -|    -|
|Expression       |        -|    -|       0|   1458|    -|
|FIFO             |        -|    -|       -|      -|    -|
|Instance         |        -|    -|       -|      -|    -|
|Memory           |        0|    -|     128|     10|    -|
|Multiplexer      |        -|    -|       0|    216|    -|
|Register         |        -|    -|     584|     32|    -|
+-----------------+---------+-----+--------+-------+-----+
|Total            |        0|    0|     712|   1716|    0|
+-----------------+---------+-----+--------+-------+-----+
|Available        |      280|  220|  106400|  53200|    0|
+-----------------+---------+-----+--------+-------+-----+
|Utilization (%)  |        0|    0|      ~0|      3|    0|
+-----------------+---------+-----+--------+-------+-----+

+ Detail: 
    * Instance: 
    N/A

    * DSP: 
    N/A

    * Memory: 
    +--------------------+--------------------------------------------+---------+----+----+-----+------+-----+------+-------------+
    |       Memory       |                   Module                   | BRAM_18K| FF | LUT| URAM| Words| Bits| Banks| W*Bits*Banks|
    +--------------------+--------------------------------------------+---------+----+----+-----+------+-----+------+-------------+
    |p_ZL9golden_w3_0_U  |dense_layer_3_p_ZL9golden_w3_0_ROM_AUTO_1R  |        0|  64|   5|    0|    10|   32|     1|          320|
    |p_ZL9golden_w3_1_U  |dense_layer_3_p_ZL9golden_w3_1_ROM_AUTO_1R  |        0|  64|   5|    0|    10|   32|     1|          320|
    +--------------------+--------------------------------------------+---------+----+----+-----+------+-----+------+-------------+
    |Total               |                                            |        0| 128|  10|    0|    20|   64|     2|          640|
    +--------------------+--------------------------------------------+---------+----+----+-----+------+-----+------+-------------+

    * FIFO: 
    N/A

    * Expression: 
    +---------------------------+----------+----+---+----+------------+------------+
    |       Variable Name       | Operation| DSP| FF| LUT| Bitwidth P0| Bitwidth P1|
    +---------------------------+----------+----+---+----+------------+------------+
    |add_ln10_1_fu_3503_p2      |         +|   0|  0|  28|          28|          28|
    |add_ln10_2_fu_3683_p2      |         +|   0|  0|  28|          28|          28|
    |add_ln10_3_fu_3863_p2      |         +|   0|  0|  28|          28|          28|
    |add_ln10_4_fu_3657_p2      |         +|   0|  0|  28|          28|          28|
    |add_ln10_5_fu_3837_p2      |         +|   0|  0|  28|          28|          28|
    |add_ln10_fu_3323_p2        |         +|   0|  0|  28|          28|          28|
    |add_ln11_2_fu_4007_p2      |         +|   0|  0|   7|           6|           6|
    |add_ln11_fu_3939_p2        |         +|   0|  0|   7|           6|           6|
    |add_ln12_2_fu_4143_p2      |         +|   0|  0|   7|           6|           6|
    |add_ln12_fu_4075_p2        |         +|   0|  0|   7|           6|           6|
    |add_ln60_1_fu_4199_p2      |         +|   0|  0|  14|           9|           8|
    |add_ln60_2_fu_4211_p2      |         +|   0|  0|  14|           7|           7|
    |add_ln60_3_fu_4229_p2      |         +|   0|  0|  14|           9|           8|
    |add_ln60_fu_4181_p2        |         +|   0|  0|  14|           7|           7|
    |add_ln8_10_fu_3017_p2      |         +|   0|  0|  37|          30|          30|
    |add_ln8_1_fu_865_p2        |         +|   0|  0|  36|          29|          29|
    |add_ln8_3_fu_1587_p2       |         +|   0|  0|  36|          29|          29|
    |add_ln8_4_fu_1593_p2       |         +|   0|  0|  37|          30|          30|
    |add_ln8_6_fu_2299_p2       |         +|   0|  0|  36|          29|          29|
    |add_ln8_7_fu_2305_p2       |         +|   0|  0|  37|          30|          30|
    |add_ln8_9_fu_3011_p2       |         +|   0|  0|  36|          29|          29|
    |add_ln8_fu_871_p2          |         +|   0|  0|  37|          30|          30|
    |add_ln9_2_fu_3477_p2       |         +|   0|  0|  28|          28|          28|
    |add_ln9_fu_3297_p2         |         +|   0|  0|  28|          28|          28|
    |n_fu_298_p2                |         +|   0|  0|  13|           4|           2|
    |s0_1_fu_1599_p2            |         +|   0|  0|  39|          32|          32|
    |s0_2_fu_2311_p2            |         +|   0|  0|  39|          32|          32|
    |s0_3_fu_3023_p2            |         +|   0|  0|  39|          32|          32|
    |s0_fu_877_p2               |         +|   0|  0|  39|          32|          32|
    |s1_1_fu_3483_p2            |         +|   0|  0|  38|          31|          31|
    |s1_2_fu_3663_p2            |         +|   0|  0|  38|          31|          31|
    |s1_3_fu_3843_p2            |         +|   0|  0|  38|          31|          31|
    |s1_fu_3303_p2              |         +|   0|  0|  38|          31|          31|
    |s3_1_fu_4013_p2            |         +|   0|  0|  28|          21|          21|
    |s3_2_fu_4081_p2            |         +|   0|  0|  28|          21|          21|
    |s3_3_fu_4149_p2            |         +|   0|  0|  28|          21|          21|
    |s3_fu_3945_p2              |         +|   0|  0|  28|          21|          21|
    |s4_1_fu_4033_p2            |         +|   0|  0|   7|           6|           6|
    |s4_2_fu_4101_p2            |         +|   0|  0|   7|           6|           6|
    |s4_3_fu_4169_p2            |         +|   0|  0|   7|           6|           6|
    |s4_fu_3965_p2              |         +|   0|  0|   7|           6|           6|
    |ap_condition_357           |       and|   0|  0|   2|           1|           1|
    |icmp_ln34_fu_304_p2        |      icmp|   0|  0|  13|           4|           4|
    |ap_block_pp0_stage0_11001  |        or|   0|  0|   2|           1|           1|
    |ap_enable_pp0              |       xor|   0|  0|   2|           1|           2|
    |xnr_1_fu_1051_p2           |       xor|   0|  0|  32|          32|          32|
    |xnr_2_fu_1763_p2           |       xor|   0|  0|  32|          32|          32|
    |xnr_3_fu_2475_p2           |       xor|   0|  0|  32|          32|          32|
    |xnr_fu_329_p2              |       xor|   0|  0|  32|          32|          32|
    |xor_ln18_1_fu_320_p2       |       xor|   0|  0|  31|          31|          31|
    |xor_ln18_2_fu_1037_p2      |       xor|   0|  0|  32|          32|           2|
    |xor_ln18_4_fu_1042_p2      |       xor|   0|  0|  31|          31|          31|
    |xor_ln18_fu_315_p2         |       xor|   0|  0|  32|          32|           2|
    |xor_ln46_1_fu_1057_p2      |       xor|   0|  0|  31|          31|          31|
    |xor_ln46_fu_335_p2         |       xor|   0|  0|  31|          31|          31|
    |xor_ln8_1_fu_2481_p2       |       xor|   0|  0|  31|          31|          31|
    |xor_ln8_fu_1769_p2         |       xor|   0|  0|  31|          31|          31|
    +---------------------------+----------+----+---+----+------------+------------+
    |Total                      |          |   0|  0|1458|        1265|        1202|
    +---------------------------+----------+----+---+----+------------+------------+

    * Multiplexer: 
    +----------------------------------+----+-----------+-----+-----------+
    |               Name               | LUT| Input Size| Bits| Total Bits|
    +----------------------------------+----+-----------+-----+-----------+
    |ap_done_int                       |   9|          2|    1|          2|
    |ap_loop_exit_ready_pp0_iter4_reg  |   9|          2|    1|          2|
    |ap_return_0                       |   9|          2|    8|         16|
    |ap_return_1                       |   9|          2|    8|         16|
    |ap_return_2                       |   9|          2|    8|         16|
    |ap_return_3                       |   9|          2|    8|         16|
    |ap_return_4                       |   9|          2|    8|         16|
    |ap_return_5                       |   9|          2|    8|         16|
    |ap_return_6                       |   9|          2|    8|         16|
    |ap_return_7                       |   9|          2|    8|         16|
    |ap_return_8                       |   9|          2|    8|         16|
    |ap_return_9                       |   9|          2|    8|         16|
    |ap_sig_allocacmp_n21_load         |   9|          2|    4|          8|
    |ap_sig_allocacmp_output_10_load   |   9|          2|    8|         16|
    |ap_sig_allocacmp_output_11_load   |   9|          2|    8|         16|
    |ap_sig_allocacmp_output_12_load   |   9|          2|    8|         16|
    |ap_sig_allocacmp_output_13_load   |   9|          2|    8|         16|
    |ap_sig_allocacmp_output_5_load    |   9|          2|    8|         16|
    |ap_sig_allocacmp_output_6_load    |   9|          2|    8|         16|
    |ap_sig_allocacmp_output_7_load    |   9|          2|    8|         16|
    |ap_sig_allocacmp_output_8_load    |   9|          2|    8|         16|
    |ap_sig_allocacmp_output_9_load    |   9|          2|    8|         16|
    |ap_sig_allocacmp_output_load      |   9|          2|    8|         16|
    |n21_fu_146                        |   9|          2|    4|          8|
    +----------------------------------+----+-----------+-----+-----------+
    |Total                             | 216|         48|  170|        340|
    +----------------------------------+----+-----------+-----+-----------+

    * Register: 
    +----------------------------------+----+----+-----+-----------+
    |               Name               | FF | LUT| Bits| Const Bits|
    +----------------------------------+----+----+-----+-----------+
    |ap_CS_fsm                         |   1|   0|    1|          0|
    |ap_done_reg                       |   1|   0|    1|          0|
    |ap_enable_reg_pp0_iter1           |   1|   0|    1|          0|
    |ap_enable_reg_pp0_iter2           |   1|   0|    1|          0|
    |ap_enable_reg_pp0_iter3           |   1|   0|    1|          0|
    |ap_enable_reg_pp0_iter4           |   1|   0|    1|          0|
    |ap_loop_exit_ready_pp0_iter1_reg  |   1|   0|    1|          0|
    |ap_loop_exit_ready_pp0_iter2_reg  |   1|   0|    1|          0|
    |ap_loop_exit_ready_pp0_iter3_reg  |   1|   0|    1|          0|
    |ap_loop_exit_ready_pp0_iter4_reg  |   1|   0|    1|          0|
    |ap_return_0_preg                  |   8|   0|    9|          1|
    |ap_return_1_preg                  |   8|   0|    9|          1|
    |ap_return_2_preg                  |   8|   0|    9|          1|
    |ap_return_3_preg                  |   8|   0|    9|          1|
    |ap_return_4_preg                  |   8|   0|    9|          1|
    |ap_return_5_preg                  |   8|   0|    9|          1|
    |ap_return_6_preg                  |   8|   0|    9|          1|
    |ap_return_7_preg                  |   8|   0|    9|          1|
    |ap_return_8_preg                  |   8|   0|    9|          1|
    |ap_return_9_preg                  |   8|   0|    9|          1|
    |n21_fu_146                        |   4|   0|    4|          0|
    |n21_load_reg_4462                 |   4|   0|    4|          0|
    |output_10_fu_162                  |   8|   0|    9|          1|
    |output_11_fu_158                  |   8|   0|    9|          1|
    |output_12_fu_154                  |   8|   0|    9|          1|
    |output_13_fu_150                  |   8|   0|    9|          1|
    |output_5_fu_182                   |   8|   0|    9|          1|
    |output_6_fu_178                   |   8|   0|    9|          1|
    |output_7_fu_174                   |   8|   0|    9|          1|
    |output_8_fu_170                   |   8|   0|    9|          1|
    |output_9_fu_166                   |   8|   0|    9|          1|
    |output_fu_186                     |   8|   0|    9|          1|
    |p_read1121_reg_4382               |  32|   0|   32|          0|
    |p_read120_reg_4387                |  32|   0|   32|          0|
    |s4_1_reg_4967                     |   6|   0|    6|          0|
    |s4_2_reg_4972                     |   6|   0|    6|          0|
    |s4_3_reg_4977                     |   6|   0|    6|          0|
    |s4_reg_4962                       |   6|   0|    6|          0|
    |tmp_133_reg_4678                  |   2|   0|    2|          0|
    |tmp_134_reg_4683                  |   2|   0|    2|          0|
    |tmp_135_reg_4689                  |   2|   0|    2|          0|
    |tmp_136_reg_4695                  |   2|   0|    2|          0|
    |tmp_137_reg_4701                  |   2|   0|    2|          0|
    |tmp_138_reg_4707                  |   2|   0|    2|          0|
    |tmp_139_reg_4713                  |   2|   0|    2|          0|
    |tmp_140_reg_4725                  |   2|   0|    2|          0|
    |tmp_141_reg_4730                  |   2|   0|    2|          0|
    |tmp_142_reg_4736                  |   2|   0|    2|          0|
    |tmp_143_reg_4742                  |   2|   0|    2|          0|
    |tmp_144_reg_4748                  |   2|   0|    2|          0|
    |tmp_145_reg_4754                  |   2|   0|    2|          0|
    |tmp_146_reg_4760                  |   2|   0|    2|          0|
    |tmp_147_reg_4766                  |   2|   0|    2|          0|
    |tmp_149_reg_4914                  |   4|   0|    4|          0|
    |tmp_150_reg_4920                  |   4|   0|    4|          0|
    |tmp_151_reg_4933                  |   4|   0|    4|          0|
    |tmp_184_reg_4772                  |   2|   0|    2|          0|
    |tmp_185_reg_4777                  |   2|   0|    2|          0|
    |tmp_186_reg_4783                  |   2|   0|    2|          0|
    |tmp_187_reg_4789                  |   2|   0|    2|          0|
    |tmp_188_reg_4795                  |   2|   0|    2|          0|
    |tmp_189_reg_4801                  |   2|   0|    2|          0|
    |tmp_190_reg_4807                  |   2|   0|    2|          0|
    |tmp_191_reg_4819                  |   2|   0|    2|          0|
    |tmp_192_reg_4824                  |   2|   0|    2|          0|
    |tmp_193_reg_4830                  |   2|   0|    2|          0|
    |tmp_194_reg_4836                  |   2|   0|    2|          0|
    |tmp_195_reg_4842                  |   2|   0|    2|          0|
    |tmp_196_reg_4848                  |   2|   0|    2|          0|
    |tmp_197_reg_4854                  |   2|   0|    2|          0|
    |tmp_198_reg_4860                  |   2|   0|    2|          0|
    |tmp_200_reg_4938                  |   4|   0|    4|          0|
    |tmp_201_reg_4944                  |   4|   0|    4|          0|
    |tmp_202_reg_4957                  |   4|   0|    4|          0|
    |tmp_31_reg_4495                   |   2|   0|    2|          0|
    |tmp_32_reg_4501                   |   2|   0|    2|          0|
    |tmp_33_reg_4507                   |   2|   0|    2|          0|
    |tmp_34_reg_4513                   |   2|   0|    2|          0|
    |tmp_35_reg_4519                   |   2|   0|    2|          0|
    |tmp_36_reg_4525                   |   2|   0|    2|          0|
    |tmp_37_reg_4537                   |   2|   0|    2|          0|
    |tmp_38_reg_4542                   |   2|   0|    2|          0|
    |tmp_39_reg_4548                   |   2|   0|    2|          0|
    |tmp_40_reg_4554                   |   2|   0|    2|          0|
    |tmp_41_reg_4560                   |   2|   0|    2|          0|
    |tmp_42_reg_4566                   |   2|   0|    2|          0|
    |tmp_43_reg_4572                   |   2|   0|    2|          0|
    |tmp_44_reg_4578                   |   2|   0|    2|          0|
    |tmp_46_reg_4866                   |   4|   0|    4|          0|
    |tmp_47_reg_4872                   |   4|   0|    4|          0|
    |tmp_48_reg_4885                   |   4|   0|    4|          0|
    |tmp_81_reg_4584                   |   2|   0|    2|          0|
    |tmp_82_reg_4589                   |   2|   0|    2|          0|
    |tmp_83_reg_4595                   |   2|   0|    2|          0|
    |tmp_84_reg_4601                   |   2|   0|    2|          0|
    |tmp_85_reg_4607                   |   2|   0|    2|          0|
    |tmp_86_reg_4613                   |   2|   0|    2|          0|
    |tmp_87_reg_4619                   |   2|   0|    2|          0|
    |tmp_88_reg_4631                   |   2|   0|    2|          0|
    |tmp_89_reg_4636                   |   2|   0|    2|          0|
    |tmp_90_reg_4642                   |   2|   0|    2|          0|
    |tmp_91_reg_4648                   |   2|   0|    2|          0|
    |tmp_92_reg_4654                   |   2|   0|    2|          0|
    |tmp_93_reg_4660                   |   2|   0|    2|          0|
    |tmp_94_reg_4666                   |   2|   0|    2|          0|
    |tmp_95_reg_4672                   |   2|   0|    2|          0|
    |tmp_97_reg_4890                   |   4|   0|    4|          0|
    |tmp_98_reg_4896                   |   4|   0|    4|          0|
    |tmp_99_reg_4909                   |   4|   0|    4|          0|
    |tmp_s_reg_4490                    |   2|   0|    2|          0|
    |trunc_ln10_1_reg_4903             |   4|   0|    4|          0|
    |trunc_ln10_reg_4879               |   4|   0|    4|          0|
    |trunc_ln11_1_reg_4951             |   4|   0|    4|          0|
    |trunc_ln11_reg_4927               |   4|   0|    4|          0|
    |trunc_ln18_1_reg_4457             |  31|   0|   31|          0|
    |trunc_ln18_reg_4452               |  31|   0|   31|          0|
    |trunc_ln9_1_reg_4625              |   2|   0|    2|          0|
    |trunc_ln9_2_reg_4719              |   2|   0|    2|          0|
    |trunc_ln9_3_reg_4813              |   2|   0|    2|          0|
    |trunc_ln9_reg_4531                |   2|   0|    2|          0|
    |n21_load_reg_4462                 |  64|  32|    4|          0|
    +----------------------------------+----+----+-----+-----------+
    |Total                             | 584|  32|  544|         20|
    +----------------------------------+----+----+-----+-----------+



================================================================
== Interface
================================================================
* Summary: 
+-------------+-----+-----+------------+---------------+--------------+
|  RTL Ports  | Dir | Bits|  Protocol  | Source Object |    C Type    |
+-------------+-----+-----+------------+---------------+--------------+
|ap_clk       |   in|    1|  ap_ctrl_hs|  dense_layer.3|  return value|
|ap_rst       |   in|    1|  ap_ctrl_hs|  dense_layer.3|  return value|
|ap_start     |   in|    1|  ap_ctrl_hs|  dense_layer.3|  return value|
|ap_done      |  out|    1|  ap_ctrl_hs|  dense_layer.3|  return value|
|ap_continue  |   in|    1|  ap_ctrl_hs|  dense_layer.3|  return value|
|ap_idle      |  out|    1|  ap_ctrl_hs|  dense_layer.3|  return value|
|ap_ready     |  out|    1|  ap_ctrl_hs|  dense_layer.3|  return value|
|ap_return_0  |  out|    9|  ap_ctrl_hs|  dense_layer.3|  return value|
|ap_return_1  |  out|    9|  ap_ctrl_hs|  dense_layer.3|  return value|
|ap_return_2  |  out|    9|  ap_ctrl_hs|  dense_layer.3|  return value|
|ap_return_3  |  out|    9|  ap_ctrl_hs|  dense_layer.3|  return value|
|ap_return_4  |  out|    9|  ap_ctrl_hs|  dense_layer.3|  return value|
|ap_return_5  |  out|    9|  ap_ctrl_hs|  dense_layer.3|  return value|
|ap_return_6  |  out|    9|  ap_ctrl_hs|  dense_layer.3|  return value|
|ap_return_7  |  out|    9|  ap_ctrl_hs|  dense_layer.3|  return value|
|ap_return_8  |  out|    9|  ap_ctrl_hs|  dense_layer.3|  return value|
|ap_return_9  |  out|    9|  ap_ctrl_hs|  dense_layer.3|  return value|
|p_read       |   in|   32|     ap_none|         p_read|        scalar|
|p_read1      |   in|   32|     ap_none|        p_read1|        scalar|
+-------------+-----+-----+------------+---------------+--------------+

