

================================================================
== Vitis HLS Report for 'sign_and_quantize_2'
================================================================
* Date:           Sat Dec 13 15:03:06 2025

* Version:        2024.2.2 (Build 6049644 on Mar  5 2025)
* Project:        bnn
* Solution:       solution1 (Vivado IP Flow Target)
* Product family: zynq
* Target device:  xc7z020-clg400-1


================================================================
== Performance Estimates
================================================================
+ Timing: 
    * Summary: 
    +--------+----------+----------+------------+
    |  Clock |  Target  | Estimated| Uncertainty|
    +--------+----------+----------+------------+
    |ap_clk  |  10.00 ns|  6.980 ns|     2.70 ns|
    +--------+----------+----------+------------+

+ Latency: 
    * Summary: 
    +---------+---------+-----------+-----------+-----+-----+------------------------------------------------+
    |  Latency (cycles) |   Latency (absolute)  |  Interval |                    Pipeline                    |
    |   min   |   max   |    min    |    max    | min | max |                      Type                      |
    +---------+---------+-----------+-----------+-----+-----+------------------------------------------------+
    |        6|        6|  60.000 ns|  60.000 ns|    2|    2|  loop auto-rewind stp (delay=0 clock cycles(s))|
    +---------+---------+-----------+-----------+-----+-----+------------------------------------------------+

    + Detail: 
        * Instance: 
        N/A

        * Loop: 
        +-------------------+---------+---------+----------+-----------+-----------+------+----------+
        |                   |  Latency (cycles) | Iteration|  Initiation Interval  | Trip |          |
        |     Loop Name     |   min   |   max   |  Latency |  achieved |   target  | Count| Pipelined|
        +-------------------+---------+---------+----------+-----------+-----------+------+----------+
        |- VITIS_LOOP_71_1  |        4|        4|         4|          1|          1|     2|       yes|
        +-------------------+---------+---------+----------+-----------+-----------+------+----------+



================================================================
== Utilization Estimates
================================================================
* Summary: 
+-----------------+---------+-----+--------+-------+-----+
|       Name      | BRAM_18K| DSP |   FF   |  LUT  | URAM|
+-----------------+---------+-----+--------+-------+-----+
|DSP              |        -|    -|       -|      -|    -|
|Expression       |        -|    -|       0|   1771|    -|
|FIFO             |        -|    -|       -|      -|    -|
|Instance         |        -|    -|       -|      -|    -|
|Memory           |        -|    -|       -|      -|    -|
|Multiplexer      |        -|    -|       0|     68|    -|
|Register         |        -|    -|     978|    352|    -|
+-----------------+---------+-----+--------+-------+-----+
|Total            |        0|    0|     978|   2191|    0|
+-----------------+---------+-----+--------+-------+-----+
|Available        |      280|  220|  106400|  53200|    0|
+-----------------+---------+-----+--------+-------+-----+
|Utilization (%)  |        0|    0|      ~0|      4|    0|
+-----------------+---------+-----+--------+-------+-----+

+ Detail: 
    * Instance: 
    N/A

    * DSP: 
    N/A

    * Memory: 
    N/A

    * FIFO: 
    N/A

    * Expression: 
    +---------------------------+----------+----+---+----+------------+------------+
    |       Variable Name       | Operation| DSP| FF| LUT| Bitwidth P0| Bitwidth P1|
    +---------------------------+----------+----+---+----+------------+------------+
    |ap_condition_1018          |       and|   0|  0|   2|           1|           1|
    |ap_condition_1023          |       and|   0|  0|   2|           1|           1|
    |icmp_ln79_10_fu_795_p2     |      icmp|   0|  0|  13|          10|           1|
    |icmp_ln79_11_fu_809_p2     |      icmp|   0|  0|  13|          10|           1|
    |icmp_ln79_12_fu_823_p2     |      icmp|   0|  0|  13|          10|           1|
    |icmp_ln79_13_fu_837_p2     |      icmp|   0|  0|  13|          10|           1|
    |icmp_ln79_14_fu_851_p2     |      icmp|   0|  0|  13|          10|           1|
    |icmp_ln79_15_fu_865_p2     |      icmp|   0|  0|  13|          10|           1|
    |icmp_ln79_16_fu_879_p2     |      icmp|   0|  0|  13|          10|           1|
    |icmp_ln79_17_fu_893_p2     |      icmp|   0|  0|  13|          10|           1|
    |icmp_ln79_18_fu_907_p2     |      icmp|   0|  0|  13|          10|           1|
    |icmp_ln79_19_fu_921_p2     |      icmp|   0|  0|  13|          10|           1|
    |icmp_ln79_1_fu_651_p2      |      icmp|   0|  0|  13|          10|           1|
    |icmp_ln79_20_fu_935_p2     |      icmp|   0|  0|  13|          10|           1|
    |icmp_ln79_21_fu_949_p2     |      icmp|   0|  0|  13|          10|           1|
    |icmp_ln79_22_fu_963_p2     |      icmp|   0|  0|  13|          10|           1|
    |icmp_ln79_23_fu_977_p2     |      icmp|   0|  0|  13|          10|           1|
    |icmp_ln79_24_fu_991_p2     |      icmp|   0|  0|  13|          10|           1|
    |icmp_ln79_25_fu_1005_p2    |      icmp|   0|  0|  13|          10|           1|
    |icmp_ln79_26_fu_1019_p2    |      icmp|   0|  0|  13|          10|           1|
    |icmp_ln79_27_fu_1033_p2    |      icmp|   0|  0|  13|          10|           1|
    |icmp_ln79_28_fu_1047_p2    |      icmp|   0|  0|  13|          10|           1|
    |icmp_ln79_29_fu_1061_p2    |      icmp|   0|  0|  13|          10|           1|
    |icmp_ln79_2_fu_683_p2      |      icmp|   0|  0|  13|          10|           1|
    |icmp_ln79_30_fu_1075_p2    |      icmp|   0|  0|  13|          10|           1|
    |icmp_ln79_31_fu_1089_p2    |      icmp|   0|  0|  13|          10|           1|
    |icmp_ln79_3_fu_697_p2      |      icmp|   0|  0|  13|          10|           1|
    |icmp_ln79_4_fu_711_p2      |      icmp|   0|  0|  13|          10|           1|
    |icmp_ln79_5_fu_725_p2      |      icmp|   0|  0|  13|          10|           1|
    |icmp_ln79_6_fu_739_p2      |      icmp|   0|  0|  13|          10|           1|
    |icmp_ln79_7_fu_753_p2      |      icmp|   0|  0|  13|          10|           1|
    |icmp_ln79_8_fu_767_p2      |      icmp|   0|  0|  13|          10|           1|
    |icmp_ln79_9_fu_781_p2      |      icmp|   0|  0|  13|          10|           1|
    |icmp_ln79_fu_629_p2        |      icmp|   0|  0|  13|          10|           1|
    |ap_block_pp0_stage0_11001  |        or|   0|  0|   2|           1|           1|
    |outw_10_fu_1160_p3         |    select|   0|  0|  32|           1|          32|
    |outw_12_fu_1177_p3         |    select|   0|  0|  32|           1|          32|
    |outw_14_fu_1194_p3         |    select|   0|  0|  32|           1|          32|
    |outw_16_fu_1211_p3         |    select|   0|  0|  32|           1|          32|
    |outw_18_fu_1228_p3         |    select|   0|  0|  32|           1|          32|
    |outw_20_fu_1245_p3         |    select|   0|  0|  32|           1|          32|
    |outw_22_fu_1262_p3         |    select|   0|  0|  32|           1|          32|
    |outw_24_fu_1278_p3         |    select|   0|  0|  32|           1|          32|
    |outw_26_fu_1294_p3         |    select|   0|  0|  32|           1|          32|
    |outw_28_fu_1311_p3         |    select|   0|  0|  32|           1|          32|
    |outw_2_fu_667_p3           |    select|   0|  0|  32|           1|          32|
    |outw_30_fu_1328_p3         |    select|   0|  0|  32|           1|          32|
    |outw_32_fu_1345_p3         |    select|   0|  0|  32|           1|          32|
    |outw_34_fu_1362_p3         |    select|   0|  0|  32|           1|          32|
    |outw_36_fu_1379_p3         |    select|   0|  0|  32|           1|          32|
    |outw_38_fu_1396_p3         |    select|   0|  0|  32|           1|          32|
    |outw_40_fu_1413_p3         |    select|   0|  0|  32|           1|          32|
    |outw_42_fu_1430_p3         |    select|   0|  0|  32|           1|          32|
    |outw_44_fu_1446_p3         |    select|   0|  0|  32|           1|          32|
    |outw_46_fu_1462_p3         |    select|   0|  0|  32|           1|          32|
    |outw_48_fu_1479_p3         |    select|   0|  0|  32|           1|          32|
    |outw_4_fu_1110_p3          |    select|   0|  0|  32|           1|          32|
    |outw_50_fu_1496_p3         |    select|   0|  0|  32|           1|          32|
    |outw_52_fu_1513_p3         |    select|   0|  0|  32|           1|          32|
    |outw_54_fu_1530_p3         |    select|   0|  0|  32|           1|          32|
    |outw_56_fu_1547_p3         |    select|   0|  0|  32|           1|          32|
    |outw_58_fu_1564_p3         |    select|   0|  0|  32|           1|          32|
    |outw_60_fu_1581_p3         |    select|   0|  0|  32|           1|          32|
    |outw_62_fu_1598_p3         |    select|   0|  0|  32|           1|          32|
    |outw_6_fu_1126_p3          |    select|   0|  0|  32|           1|          32|
    |outw_8_fu_1143_p3          |    select|   0|  0|  32|           1|          32|
    |outw_fu_635_p3             |    select|   0|  0|  33|           1|          33|
    |select_ln79_10_fu_773_p3   |    select|   0|  0|  10|           1|          10|
    |select_ln79_11_fu_787_p3   |    select|   0|  0|  10|           1|          10|
    |select_ln79_12_fu_801_p3   |    select|   0|  0|  10|           1|          10|
    |select_ln79_13_fu_815_p3   |    select|   0|  0|  10|           1|          10|
    |select_ln79_14_fu_829_p3   |    select|   0|  0|  10|           1|          10|
    |select_ln79_15_fu_843_p3   |    select|   0|  0|  10|           1|          10|
    |select_ln79_16_fu_857_p3   |    select|   0|  0|  10|           1|          10|
    |select_ln79_17_fu_871_p3   |    select|   0|  0|  10|           1|          10|
    |select_ln79_18_fu_885_p3   |    select|   0|  0|  10|           1|          10|
    |select_ln79_19_fu_899_p3   |    select|   0|  0|  10|           1|          10|
    |select_ln79_20_fu_913_p3   |    select|   0|  0|  10|           1|          10|
    |select_ln79_21_fu_927_p3   |    select|   0|  0|  10|           1|          10|
    |select_ln79_22_fu_941_p3   |    select|   0|  0|  10|           1|          10|
    |select_ln79_23_fu_955_p3   |    select|   0|  0|  10|           1|          10|
    |select_ln79_24_fu_969_p3   |    select|   0|  0|  10|           1|          10|
    |select_ln79_25_fu_983_p3   |    select|   0|  0|  10|           1|          10|
    |select_ln79_26_fu_997_p3   |    select|   0|  0|  10|           1|          10|
    |select_ln79_27_fu_1011_p3  |    select|   0|  0|  10|           1|          10|
    |select_ln79_28_fu_1025_p3  |    select|   0|  0|  10|           1|          10|
    |select_ln79_29_fu_1039_p3  |    select|   0|  0|  10|           1|          10|
    |select_ln79_2_fu_643_p3    |    select|   0|  0|  10|           1|          10|
    |select_ln79_30_fu_1053_p3  |    select|   0|  0|  10|           1|          10|
    |select_ln79_31_fu_1067_p3  |    select|   0|  0|  10|           1|          10|
    |select_ln79_32_fu_1081_p3  |    select|   0|  0|  10|           1|          10|
    |select_ln79_3_fu_675_p3    |    select|   0|  0|  10|           1|          10|
    |select_ln79_4_fu_689_p3    |    select|   0|  0|  10|           1|          10|
    |select_ln79_5_fu_703_p3    |    select|   0|  0|  10|           1|          10|
    |select_ln79_6_fu_717_p3    |    select|   0|  0|  10|           1|          10|
    |select_ln79_7_fu_731_p3    |    select|   0|  0|  10|           1|          10|
    |select_ln79_8_fu_745_p3    |    select|   0|  0|  10|           1|          10|
    |select_ln79_9_fu_759_p3    |    select|   0|  0|  10|           1|          10|
    |select_ln79_fu_621_p3      |    select|   0|  0|  10|           1|          10|
    |ap_enable_pp0              |       xor|   0|  0|   2|           1|           2|
    |w_fu_1095_p2               |       xor|   0|  0|   2|           1|           2|
    +---------------------------+----------+----+---+----+------------+------------+
    |Total                      |          |   0|  0|1771|         389|        1384|
    +---------------------------+----------+----+---+----+------------+------------+

    * Multiplexer: 
    +----------------------------------+----+-----------+-----+-----------+
    |               Name               | LUT| Input Size| Bits| Total Bits|
    +----------------------------------+----+-----------+-----+-----------+
    |ap_done_int                       |   9|          2|    1|          2|
    |ap_loop_exit_ready_pp0_iter3_reg  |   9|          2|    1|          2|
    |ap_phi_mux_w1_phi_fu_613_p4       |  14|          3|    1|          3|
    |ap_return_0                       |   9|          2|   32|         64|
    |ap_return_1                       |   9|          2|   32|         64|
    |ap_sig_allocacmp_output_1_load    |   9|          2|   32|         64|
    |w1_reg_610                        |   9|          2|    1|          2|
    +----------------------------------+----+-----------+-----+-----------+
    |Total                             |  68|         15|  100|        201|
    +----------------------------------+----+-----------+-----+-----------+

    * Register: 
    +-------------------------------------+----+----+-----+-----------+
    |                 Name                | FF | LUT| Bits| Const Bits|
    +-------------------------------------+----+----+-----+-----------+
    |ap_CS_fsm                            |   1|   0|    1|          0|
    |ap_done_reg                          |   1|   0|    1|          0|
    |ap_enable_reg_pp0_iter1              |   1|   0|    1|          0|
    |ap_enable_reg_pp0_iter2              |   1|   0|    1|          0|
    |ap_enable_reg_pp0_iter3              |   1|   0|    1|          0|
    |ap_loop_exit_ready_pp0_iter1_reg     |   1|   0|    1|          0|
    |ap_loop_exit_ready_pp0_iter2_reg     |   1|   0|    1|          0|
    |ap_loop_exit_ready_pp0_iter3_reg     |   1|   0|    1|          0|
    |ap_return_0_preg                     |  32|   0|   32|          0|
    |ap_return_1_preg                     |  32|   0|   32|          0|
    |icmp_ln79_10_reg_1691                |   1|   0|    1|          0|
    |icmp_ln79_11_reg_1696                |   1|   0|    1|          0|
    |icmp_ln79_12_reg_1701                |   1|   0|    1|          0|
    |icmp_ln79_12_reg_1701_pp0_iter1_reg  |   1|   0|    1|          0|
    |icmp_ln79_13_reg_1706                |   1|   0|    1|          0|
    |icmp_ln79_13_reg_1706_pp0_iter1_reg  |   1|   0|    1|          0|
    |icmp_ln79_14_reg_1711                |   1|   0|    1|          0|
    |icmp_ln79_14_reg_1711_pp0_iter1_reg  |   1|   0|    1|          0|
    |icmp_ln79_15_reg_1716                |   1|   0|    1|          0|
    |icmp_ln79_15_reg_1716_pp0_iter1_reg  |   1|   0|    1|          0|
    |icmp_ln79_16_reg_1721                |   1|   0|    1|          0|
    |icmp_ln79_16_reg_1721_pp0_iter1_reg  |   1|   0|    1|          0|
    |icmp_ln79_17_reg_1726                |   1|   0|    1|          0|
    |icmp_ln79_17_reg_1726_pp0_iter1_reg  |   1|   0|    1|          0|
    |icmp_ln79_18_reg_1731                |   1|   0|    1|          0|
    |icmp_ln79_18_reg_1731_pp0_iter1_reg  |   1|   0|    1|          0|
    |icmp_ln79_19_reg_1736                |   1|   0|    1|          0|
    |icmp_ln79_19_reg_1736_pp0_iter1_reg  |   1|   0|    1|          0|
    |icmp_ln79_20_reg_1741                |   1|   0|    1|          0|
    |icmp_ln79_20_reg_1741_pp0_iter1_reg  |   1|   0|    1|          0|
    |icmp_ln79_21_reg_1746                |   1|   0|    1|          0|
    |icmp_ln79_21_reg_1746_pp0_iter1_reg  |   1|   0|    1|          0|
    |icmp_ln79_22_reg_1751                |   1|   0|    1|          0|
    |icmp_ln79_23_reg_1756                |   1|   0|    1|          0|
    |icmp_ln79_24_reg_1761                |   1|   0|    1|          0|
    |icmp_ln79_25_reg_1766                |   1|   0|    1|          0|
    |icmp_ln79_26_reg_1771                |   1|   0|    1|          0|
    |icmp_ln79_27_reg_1776                |   1|   0|    1|          0|
    |icmp_ln79_28_reg_1781                |   1|   0|    1|          0|
    |icmp_ln79_29_reg_1786                |   1|   0|    1|          0|
    |icmp_ln79_2_reg_1651                 |   1|   0|    1|          0|
    |icmp_ln79_30_reg_1791                |   1|   0|    1|          0|
    |icmp_ln79_31_reg_1796                |   1|   0|    1|          0|
    |icmp_ln79_3_reg_1656                 |   1|   0|    1|          0|
    |icmp_ln79_4_reg_1661                 |   1|   0|    1|          0|
    |icmp_ln79_5_reg_1666                 |   1|   0|    1|          0|
    |icmp_ln79_6_reg_1671                 |   1|   0|    1|          0|
    |icmp_ln79_7_reg_1676                 |   1|   0|    1|          0|
    |icmp_ln79_8_reg_1681                 |   1|   0|    1|          0|
    |icmp_ln79_9_reg_1686                 |   1|   0|    1|          0|
    |output_1_fu_218                      |  32|   0|   32|          0|
    |output_fu_222                        |  32|   0|   32|          0|
    |outw_22_reg_1806                     |  32|   0|   32|          0|
    |outw_2_reg_1645                      |  32|   0|   32|          0|
    |outw_42_reg_1812                     |  32|   0|   32|          0|
    |w1_reg_610                           |   1|   0|    1|          0|
    |w_reg_1801                           |   1|   0|    1|          0|
    |icmp_ln79_22_reg_1751                |  64|  32|    1|          0|
    |icmp_ln79_23_reg_1756                |  64|  32|    1|          0|
    |icmp_ln79_24_reg_1761                |  64|  32|    1|          0|
    |icmp_ln79_25_reg_1766                |  64|  32|    1|          0|
    |icmp_ln79_26_reg_1771                |  64|  32|    1|          0|
    |icmp_ln79_27_reg_1776                |  64|  32|    1|          0|
    |icmp_ln79_28_reg_1781                |  64|  32|    1|          0|
    |icmp_ln79_29_reg_1786                |  64|  32|    1|          0|
    |icmp_ln79_30_reg_1791                |  64|  32|    1|          0|
    |icmp_ln79_31_reg_1796                |  64|  32|    1|          0|
    |w1_reg_610                           |  64|  32|    1|          0|
    +-------------------------------------+----+----+-----+-----------+
    |Total                                | 978| 352|  285|          0|
    +-------------------------------------+----+----+-----+-----------+



================================================================
== Interface
================================================================
* Summary: 
+-------------+-----+-----+------------+---------------------+--------------+
|  RTL Ports  | Dir | Bits|  Protocol  |    Source Object    |    C Type    |
+-------------+-----+-----+------------+---------------------+--------------+
|ap_clk       |   in|    1|  ap_ctrl_hs|  sign_and_quantize.2|  return value|
|ap_rst       |   in|    1|  ap_ctrl_hs|  sign_and_quantize.2|  return value|
|ap_start     |   in|    1|  ap_ctrl_hs|  sign_and_quantize.2|  return value|
|ap_done      |  out|    1|  ap_ctrl_hs|  sign_and_quantize.2|  return value|
|ap_continue  |   in|    1|  ap_ctrl_hs|  sign_and_quantize.2|  return value|
|ap_idle      |  out|    1|  ap_ctrl_hs|  sign_and_quantize.2|  return value|
|ap_ready     |  out|    1|  ap_ctrl_hs|  sign_and_quantize.2|  return value|
|ap_return_0  |  out|   32|  ap_ctrl_hs|  sign_and_quantize.2|  return value|
|ap_return_1  |  out|   32|  ap_ctrl_hs|  sign_and_quantize.2|  return value|
|p_read       |   in|   10|     ap_none|               p_read|        scalar|
|p_read1      |   in|   10|     ap_none|              p_read1|        scalar|
|p_read2      |   in|   10|     ap_none|              p_read2|        scalar|
|p_read3      |   in|   10|     ap_none|              p_read3|        scalar|
|p_read4      |   in|   10|     ap_none|              p_read4|        scalar|
|p_read5      |   in|   10|     ap_none|              p_read5|        scalar|
|p_read6      |   in|   10|     ap_none|              p_read6|        scalar|
|p_read7      |   in|   10|     ap_none|              p_read7|        scalar|
|p_read8      |   in|   10|     ap_none|              p_read8|        scalar|
|p_read9      |   in|   10|     ap_none|              p_read9|        scalar|
|p_read10     |   in|   10|     ap_none|             p_read10|        scalar|
|p_read11     |   in|   10|     ap_none|             p_read11|        scalar|
|p_read12     |   in|   10|     ap_none|             p_read12|        scalar|
|p_read13     |   in|   10|     ap_none|             p_read13|        scalar|
|p_read14     |   in|   10|     ap_none|             p_read14|        scalar|
|p_read15     |   in|   10|     ap_none|             p_read15|        scalar|
|p_read16     |   in|   10|     ap_none|             p_read16|        scalar|
|p_read17     |   in|   10|     ap_none|             p_read17|        scalar|
|p_read18     |   in|   10|     ap_none|             p_read18|        scalar|
|p_read19     |   in|   10|     ap_none|             p_read19|        scalar|
|p_read20     |   in|   10|     ap_none|             p_read20|        scalar|
|p_read21     |   in|   10|     ap_none|             p_read21|        scalar|
|p_read22     |   in|   10|     ap_none|             p_read22|        scalar|
|p_read23     |   in|   10|     ap_none|             p_read23|        scalar|
|p_read24     |   in|   10|     ap_none|             p_read24|        scalar|
|p_read25     |   in|   10|     ap_none|             p_read25|        scalar|
|p_read26     |   in|   10|     ap_none|             p_read26|        scalar|
|p_read27     |   in|   10|     ap_none|             p_read27|        scalar|
|p_read28     |   in|   10|     ap_none|             p_read28|        scalar|
|p_read29     |   in|   10|     ap_none|             p_read29|        scalar|
|p_read30     |   in|   10|     ap_none|             p_read30|        scalar|
|p_read31     |   in|   10|     ap_none|             p_read31|        scalar|
|p_read32     |   in|   10|     ap_none|             p_read32|        scalar|
|p_read33     |   in|   10|     ap_none|             p_read33|        scalar|
|p_read34     |   in|   10|     ap_none|             p_read34|        scalar|
|p_read35     |   in|   10|     ap_none|             p_read35|        scalar|
|p_read36     |   in|   10|     ap_none|             p_read36|        scalar|
|p_read37     |   in|   10|     ap_none|             p_read37|        scalar|
|p_read38     |   in|   10|     ap_none|             p_read38|        scalar|
|p_read39     |   in|   10|     ap_none|             p_read39|        scalar|
|p_read40     |   in|   10|     ap_none|             p_read40|        scalar|
|p_read41     |   in|   10|     ap_none|             p_read41|        scalar|
|p_read42     |   in|   10|     ap_none|             p_read42|        scalar|
|p_read43     |   in|   10|     ap_none|             p_read43|        scalar|
|p_read44     |   in|   10|     ap_none|             p_read44|        scalar|
|p_read45     |   in|   10|     ap_none|             p_read45|        scalar|
|p_read46     |   in|   10|     ap_none|             p_read46|        scalar|
|p_read47     |   in|   10|     ap_none|             p_read47|        scalar|
|p_read48     |   in|   10|     ap_none|             p_read48|        scalar|
|p_read49     |   in|   10|     ap_none|             p_read49|        scalar|
|p_read50     |   in|   10|     ap_none|             p_read50|        scalar|
|p_read51     |   in|   10|     ap_none|             p_read51|        scalar|
|p_read52     |   in|   10|     ap_none|             p_read52|        scalar|
|p_read53     |   in|   10|     ap_none|             p_read53|        scalar|
|p_read54     |   in|   10|     ap_none|             p_read54|        scalar|
|p_read55     |   in|   10|     ap_none|             p_read55|        scalar|
|p_read56     |   in|   10|     ap_none|             p_read56|        scalar|
|p_read57     |   in|   10|     ap_none|             p_read57|        scalar|
|p_read58     |   in|   10|     ap_none|             p_read58|        scalar|
|p_read59     |   in|   10|     ap_none|             p_read59|        scalar|
|p_read60     |   in|   10|     ap_none|             p_read60|        scalar|
|p_read61     |   in|   10|     ap_none|             p_read61|        scalar|
|p_read62     |   in|   10|     ap_none|             p_read62|        scalar|
|p_read63     |   in|   10|     ap_none|             p_read63|        scalar|
+-------------+-----+-----+------------+---------------------+--------------+

