

================================================================
== Vitis HLS Report for 'bnn_Pipeline_VITIS_LOOP_66_2'
================================================================
* Date:           Fri Dec 12 15:02:40 2025

* Version:        2024.2.2 (Build 6049644 on Mar  5 2025)
* Project:        bnn
* Solution:       solution1 (Vivado IP Flow Target)
* Product family: zynq
* Target device:  xc7z020-clg400-1


================================================================
== Performance Estimates
================================================================
+ Timing: 
    * Summary: 
    +--------+----------+----------+------------+
    |  Clock |  Target  | Estimated| Uncertainty|
    +--------+----------+----------+------------+
    |ap_clk  |  10.00 ns|  6.228 ns|     2.70 ns|
    +--------+----------+----------+------------+

+ Latency: 
    * Summary: 
    +---------+---------+----------+----------+-----+-----+------------------------------------------------+
    |  Latency (cycles) |  Latency (absolute) |  Interval |                    Pipeline                    |
    |   min   |   max   |    min   |    max   | min | max |                      Type                      |
    +---------+---------+----------+----------+-----+-----+------------------------------------------------+
    |      131|      131|  1.310 us|  1.310 us|  129|  129|  loop auto-rewind stp (delay=0 clock cycles(s))|
    +---------+---------+----------+----------+-----+-----+------------------------------------------------+

    + Detail: 
        * Instance: 
        N/A

        * Loop: 
        +-------------------+---------+---------+----------+-----------+-----------+------+----------+
        |                   |  Latency (cycles) | Iteration|  Initiation Interval  | Trip |          |
        |     Loop Name     |   min   |   max   |  Latency |  achieved |   target  | Count| Pipelined|
        +-------------------+---------+---------+----------+-----------+-----------+------+----------+
        |- VITIS_LOOP_66_2  |      129|      129|         3|          1|          1|   128|       yes|
        +-------------------+---------+---------+----------+-----------+-----------+------+----------+

============================================================
+ Verbose Summary: Synthesis Manager
============================================================
InlineROM: 1
ExposeGlobal: 0
============================================================
+ Verbose Summary: CDFG Model
============================================================
IsTopModel: 0
ResetActiveHigh: 1
IsCombinational: 0
IsDatapathOnly: 0
HasWiredReturn: 1
HasMFsm: 2
HasVarLatency: 1
IsPipeline: 0
IsRtlPipelined: 0
IsInstanceOverlapped: 0
IsDontTouch: 0
HasImplIP: 0
IsGatedGlobalClock: 0

+ Individual pipeline summary: 
  * Pipeline-0: initiation interval (II) = 1, depth = 3


============================================================
+ Verbose Summary: Schedule
============================================================
* Number of FSM states : 3
* Pipeline : 1
  Pipeline-0 : II = 1, D = 3, States = { 1 2 3 }
* Dataflow Pipeline: 0

* FSM state transitions: 
1 --> 2 
2 --> 3 
3 --> 

* FSM state operations: 

State 1 <SV = 0> <Delay = 5.09>
ST_1 : Operation 6 [1/1] (0.00ns)   --->   "%i_1 = alloca i32 1" [bnn.cpp:66->bnn.cpp:142]   --->   Operation 6 'alloca' 'i_1' <Predicate = true> <Delay = 0.00>
ST_1 : Operation 7 [1/1] (0.00ns)   --->   "%layer1_quantized_4 = alloca i32 1"   --->   Operation 7 'alloca' 'layer1_quantized_4' <Predicate = true> <Delay = 0.00>
ST_1 : Operation 8 [1/1] (0.00ns)   --->   "%layer1_quantized_5 = alloca i32 1"   --->   Operation 8 'alloca' 'layer1_quantized_5' <Predicate = true> <Delay = 0.00>
ST_1 : Operation 9 [1/1] (0.00ns)   --->   "%layer1_quantized_6 = alloca i32 1"   --->   Operation 9 'alloca' 'layer1_quantized_6' <Predicate = true> <Delay = 0.00>
ST_1 : Operation 10 [1/1] (0.00ns)   --->   "%layer1_quantized_7 = alloca i32 1"   --->   Operation 10 'alloca' 'layer1_quantized_7' <Predicate = true> <Delay = 0.00>
ST_1 : Operation 11 [1/1] (0.00ns)   --->   "%layer1_quantized_1_reload_read = read i32 @_ssdm_op_Read.ap_auto.i32, i32 %layer1_quantized_1_reload"   --->   Operation 11 'read' 'layer1_quantized_1_reload_read' <Predicate = true> <Delay = 0.00>
ST_1 : Operation 12 [1/1] (0.00ns)   --->   "%layer1_quantized_2_reload_read = read i32 @_ssdm_op_Read.ap_auto.i32, i32 %layer1_quantized_2_reload"   --->   Operation 12 'read' 'layer1_quantized_2_reload_read' <Predicate = true> <Delay = 0.00>
ST_1 : Operation 13 [1/1] (0.00ns)   --->   "%layer1_quantized_3_reload_read = read i32 @_ssdm_op_Read.ap_auto.i32, i32 %layer1_quantized_3_reload"   --->   Operation 13 'read' 'layer1_quantized_3_reload_read' <Predicate = true> <Delay = 0.00>
ST_1 : Operation 14 [1/1] (0.00ns)   --->   "%layer1_quantized_reload_read = read i32 @_ssdm_op_Read.ap_auto.i32, i32 %layer1_quantized_reload"   --->   Operation 14 'read' 'layer1_quantized_reload_read' <Predicate = true> <Delay = 0.00>
ST_1 : Operation 15 [1/1] (1.58ns)   --->   "%store_ln0 = store i32 %layer1_quantized_reload_read, i32 %layer1_quantized_7"   --->   Operation 15 'store' 'store_ln0' <Predicate = true> <Delay = 1.58>
ST_1 : Operation 16 [1/1] (1.58ns)   --->   "%store_ln0 = store i32 %layer1_quantized_3_reload_read, i32 %layer1_quantized_6"   --->   Operation 16 'store' 'store_ln0' <Predicate = true> <Delay = 1.58>
ST_1 : Operation 17 [1/1] (1.58ns)   --->   "%store_ln0 = store i32 %layer1_quantized_2_reload_read, i32 %layer1_quantized_5"   --->   Operation 17 'store' 'store_ln0' <Predicate = true> <Delay = 1.58>
ST_1 : Operation 18 [1/1] (1.58ns)   --->   "%store_ln0 = store i32 %layer1_quantized_1_reload_read, i32 %layer1_quantized_4"   --->   Operation 18 'store' 'store_ln0' <Predicate = true> <Delay = 1.58>
ST_1 : Operation 19 [1/1] (1.58ns)   --->   "%store_ln66 = store i8 0, i8 %i_1" [bnn.cpp:66->bnn.cpp:142]   --->   Operation 19 'store' 'store_ln66' <Predicate = true> <Delay = 1.58>
ST_1 : Operation 20 [1/1] (0.00ns)   --->   "%br_ln0 = br void %for.body5.i"   --->   Operation 20 'br' 'br_ln0' <Predicate = true> <Delay = 0.00>
ST_1 : Operation 21 [1/1] (0.00ns)   --->   "%i = load i8 %i_1" [bnn.cpp:67->bnn.cpp:142]   --->   Operation 21 'load' 'i' <Predicate = true> <Delay = 0.00>
ST_1 : Operation 22 [1/1] (1.91ns)   --->   "%icmp_ln66 = icmp_eq  i8 %i, i8 128" [bnn.cpp:66->bnn.cpp:142]   --->   Operation 22 'icmp' 'icmp_ln66' <Predicate = true> <Delay = 1.91> <CoreInst = "Cmp">   --->   Core 9 'Cmp' <Latency = 0> <II = 1> <Delay = 1.91> <FuncUnit> <Opcode : 'seteq' 'setne' 'setle' 'setge' 'setlt' 'setgt'> <InPorts = 2> <OutPorts = 1>
ST_1 : Operation 23 [1/1] (0.00ns)   --->   "%speclooptripcount_ln0 = speclooptripcount void @_ssdm_op_SpecLoopTripCount, i64 128, i64 128, i64 128"   --->   Operation 23 'speclooptripcount' 'speclooptripcount_ln0' <Predicate = true> <Delay = 0.00>
ST_1 : Operation 24 [1/1] (1.91ns)   --->   "%add_ln66 = add i8 %i, i8 1" [bnn.cpp:66->bnn.cpp:142]   --->   Operation 24 'add' 'add_ln66' <Predicate = true> <Delay = 1.91> <CoreInst = "Adder">   --->   Core 1 'Adder' <Latency = 0> <II = 1> <Delay = 1.91> <FuncUnit> <Opcode : 'add' 'sub'> <InPorts = 2> <OutPorts = 1>
ST_1 : Operation 25 [1/1] (0.00ns)   --->   "%br_ln66 = br i1 %icmp_ln66, void %for.body5.i.split_ifconv, void %_Z17sign_and_quantizePiPji.exit.exitStub" [bnn.cpp:66->bnn.cpp:142]   --->   Operation 25 'br' 'br_ln66' <Predicate = true> <Delay = 0.00>
ST_1 : Operation 26 [1/1] (0.00ns)   --->   "%zext_ln66 = zext i8 %i" [bnn.cpp:66->bnn.cpp:142]   --->   Operation 26 'zext' 'zext_ln66' <Predicate = (!icmp_ln66)> <Delay = 0.00>
ST_1 : Operation 27 [1/1] (0.00ns)   --->   "%layer1_output_addr = getelementptr i32 %layer1_output, i64 0, i64 %zext_ln66" [bnn.cpp:70->bnn.cpp:142]   --->   Operation 27 'getelementptr' 'layer1_output_addr' <Predicate = (!icmp_ln66)> <Delay = 0.00>
ST_1 : Operation 28 [2/2] (3.25ns)   --->   "%layer1_output_load = load i7 %layer1_output_addr" [bnn.cpp:70->bnn.cpp:142]   --->   Operation 28 'load' 'layer1_output_load' <Predicate = (!icmp_ln66)> <Delay = 3.25> <CoreInst = "RAM">   --->   Core 81 'RAM' <Latency = 1> <II = 1> <Delay = 3.25> <Storage> <Opcode : 'load' 'store'> <Ports = 2> <Width = 32> <Depth = 128> <RAM>
ST_1 : Operation 29 [1/1] (1.58ns)   --->   "%store_ln66 = store i8 %add_ln66, i8 %i_1" [bnn.cpp:66->bnn.cpp:142]   --->   Operation 29 'store' 'store_ln66' <Predicate = (!icmp_ln66)> <Delay = 1.58>

State 2 <SV = 1> <Delay = 5.80>
ST_2 : Operation 30 [1/2] ( I:3.25ns O:3.25ns )   --->   "%layer1_output_load = load i7 %layer1_output_addr" [bnn.cpp:70->bnn.cpp:142]   --->   Operation 30 'load' 'layer1_output_load' <Predicate = true> <Delay = 3.25> <CoreInst = "RAM">   --->   Core 81 'RAM' <Latency = 1> <II = 1> <Delay = 3.25> <Storage> <Opcode : 'load' 'store'> <Ports = 2> <Width = 32> <Depth = 128> <RAM>
ST_2 : Operation 31 [1/1] (2.55ns)   --->   "%icmp_ln70 = icmp_slt  i32 %layer1_output_load, i32 1" [bnn.cpp:70->bnn.cpp:142]   --->   Operation 31 'icmp' 'icmp_ln70' <Predicate = true> <Delay = 2.55> <CoreInst = "Cmp">   --->   Core 9 'Cmp' <Latency = 0> <II = 1> <Delay = 2.55> <FuncUnit> <Opcode : 'seteq' 'setne' 'setle' 'setge' 'setlt' 'setgt'> <InPorts = 2> <OutPorts = 1>
ST_2 : Operation 64 [1/1] (0.00ns)   --->   "%layer1_quantized_4_load = load i32 %layer1_quantized_4"   --->   Operation 64 'load' 'layer1_quantized_4_load' <Predicate = (icmp_ln66)> <Delay = 0.00>
ST_2 : Operation 65 [1/1] (0.00ns)   --->   "%layer1_quantized_5_load = load i32 %layer1_quantized_5"   --->   Operation 65 'load' 'layer1_quantized_5_load' <Predicate = (icmp_ln66)> <Delay = 0.00>
ST_2 : Operation 66 [1/1] (0.00ns)   --->   "%layer1_quantized_6_load = load i32 %layer1_quantized_6"   --->   Operation 66 'load' 'layer1_quantized_6_load' <Predicate = (icmp_ln66)> <Delay = 0.00>
ST_2 : Operation 67 [1/1] (0.00ns)   --->   "%layer1_quantized_7_load = load i32 %layer1_quantized_7"   --->   Operation 67 'load' 'layer1_quantized_7_load' <Predicate = (icmp_ln66)> <Delay = 0.00>
ST_2 : Operation 68 [1/1] (0.00ns)   --->   "%write_ln0 = write void @_ssdm_op_Write.ap_auto.i32P0A, i32 %layer1_quantized_7_out, i32 %layer1_quantized_7_load"   --->   Operation 68 'write' 'write_ln0' <Predicate = (icmp_ln66)> <Delay = 0.00>
ST_2 : Operation 69 [1/1] (0.00ns)   --->   "%write_ln0 = write void @_ssdm_op_Write.ap_auto.i32P0A, i32 %layer1_quantized_6_out, i32 %layer1_quantized_6_load"   --->   Operation 69 'write' 'write_ln0' <Predicate = (icmp_ln66)> <Delay = 0.00>
ST_2 : Operation 70 [1/1] (0.00ns)   --->   "%write_ln0 = write void @_ssdm_op_Write.ap_auto.i32P0A, i32 %layer1_quantized_5_out, i32 %layer1_quantized_5_load"   --->   Operation 70 'write' 'write_ln0' <Predicate = (icmp_ln66)> <Delay = 0.00>
ST_2 : Operation 71 [1/1] (0.00ns)   --->   "%write_ln0 = write void @_ssdm_op_Write.ap_auto.i32P0A, i32 %layer1_quantized_4_out, i32 %layer1_quantized_4_load"   --->   Operation 71 'write' 'write_ln0' <Predicate = (icmp_ln66)> <Delay = 0.00>
ST_2 : Operation 72 [1/1] (1.58ns)   --->   "%ret_ln0 = ret"   --->   Operation 72 'ret' 'ret_ln0' <Predicate = (icmp_ln66)> <Delay = 1.58>

State 3 <SV = 2> <Delay = 6.22>
ST_3 : Operation 32 [1/1] (0.00ns)   --->   "%layer1_quantized_4_load_1 = load i32 %layer1_quantized_4"   --->   Operation 32 'load' 'layer1_quantized_4_load_1' <Predicate = true> <Delay = 0.00>
ST_3 : Operation 33 [1/1] (0.00ns)   --->   "%layer1_quantized_5_load_1 = load i32 %layer1_quantized_5"   --->   Operation 33 'load' 'layer1_quantized_5_load_1' <Predicate = true> <Delay = 0.00>
ST_3 : Operation 34 [1/1] (0.00ns)   --->   "%layer1_quantized_6_load_1 = load i32 %layer1_quantized_6"   --->   Operation 34 'load' 'layer1_quantized_6_load_1' <Predicate = true> <Delay = 0.00>
ST_3 : Operation 35 [1/1] (0.00ns)   --->   "%layer1_quantized_7_load_1 = load i32 %layer1_quantized_7"   --->   Operation 35 'load' 'layer1_quantized_7_load_1' <Predicate = true> <Delay = 0.00>
ST_3 : Operation 36 [1/1] (0.00ns)   --->   "%specpipeline_ln66 = specpipeline void @_ssdm_op_SpecPipeline, i32 4294967295, i32 0, i32 0, i32 0, void @empty_0" [bnn.cpp:66->bnn.cpp:142]   --->   Operation 36 'specpipeline' 'specpipeline_ln66' <Predicate = true> <Delay = 0.00>
ST_3 : Operation 37 [1/1] (0.00ns)   --->   "%specloopname_ln66 = specloopname void @_ssdm_op_SpecLoopName, void @empty_12" [bnn.cpp:66->bnn.cpp:142]   --->   Operation 37 'specloopname' 'specloopname_ln66' <Predicate = true> <Delay = 0.00>
ST_3 : Operation 38 [1/1] (0.00ns) (grouped into LUT with out node shl_ln71)   --->   "%trunc_ln67 = trunc i8 %i" [bnn.cpp:67->bnn.cpp:142]   --->   Operation 38 'trunc' 'trunc_ln67' <Predicate = true> <Delay = 0.00>
ST_3 : Operation 39 [1/1] (0.00ns)   --->   "%trunc_ln67_3 = partselect i2 @_ssdm_op_PartSelect.i2.i8.i32.i32, i8 %i, i32 5, i32 6" [bnn.cpp:67->bnn.cpp:142]   --->   Operation 39 'partselect' 'trunc_ln67_3' <Predicate = true> <Delay = 0.00>
ST_3 : Operation 40 [1/1] (0.00ns) (grouped into LUT with out node shl_ln71)   --->   "%bit_pos = xor i5 %trunc_ln67, i5 31" [bnn.cpp:68->bnn.cpp:142]   --->   Operation 40 'xor' 'bit_pos' <Predicate = true> <Delay = 0.00> <CoreInst = "LogicGate">   --->   Core 74 'LogicGate' <Latency = 0> <II = 1> <Delay = 0.78> <FuncUnit> <Opcode : 'and' 'or' 'xor'> <InPorts = 2> <OutPorts = 1>
ST_3 : Operation 41 [1/1] (0.00ns) (grouped into LUT with out node shl_ln71)   --->   "%zext_ln68 = zext i5 %bit_pos" [bnn.cpp:68->bnn.cpp:142]   --->   Operation 41 'zext' 'zext_ln68' <Predicate = true> <Delay = 0.00>
ST_3 : Operation 42 [1/1] (2.66ns) (out node of the LUT)   --->   "%shl_ln71 = shl i32 1, i32 %zext_ln68" [bnn.cpp:71->bnn.cpp:142]   --->   Operation 42 'shl' 'shl_ln71' <Predicate = true> <Delay = 2.66> <CoreInst = "Shifter">   --->   Core 75 'Shifter' <Latency = 0> <II = 1> <Delay = 2.66> <FuncUnit> <Opcode : 'shl' 'lshr' 'ashr'> <InPorts = 2> <OutPorts = 1>
ST_3 : Operation 43 [1/1] (1.82ns)   --->   "%tmp = sparsemux i32 @_ssdm_op_SparseMux.ap_auto.4i32.i32.i2, i2 0, i32 %layer1_quantized_4_load_1, i2 1, i32 %layer1_quantized_5_load_1, i2 2, i32 %layer1_quantized_6_load_1, i2 3, i32 %layer1_quantized_7_load_1, i32 0, i2 %trunc_ln67_3" [bnn.cpp:71->bnn.cpp:142]   --->   Operation 43 'sparsemux' 'tmp' <Predicate = true> <Delay = 1.82> <CoreInst = "BinarySparseMux_DontCare">   --->   Core 137 'BinarySparseMux_DontCare' <Latency = 0> <II = 1> <Delay = 1.82> <FuncUnit> <Opcode : 'sparsemux'> <InPorts = 2> <OutPorts = 1>
ST_3 : Operation 44 [1/1] (0.99ns)   --->   "%or_ln71 = or i32 %tmp, i32 %shl_ln71" [bnn.cpp:71->bnn.cpp:142]   --->   Operation 44 'or' 'or_ln71' <Predicate = true> <Delay = 0.99> <CoreInst = "LogicGate">   --->   Core 74 'LogicGate' <Latency = 0> <II = 1> <Delay = 0.99> <FuncUnit> <Opcode : 'and' 'or' 'xor'> <InPorts = 2> <OutPorts = 1>
ST_3 : Operation 45 [1/1] (1.56ns)   --->   "%icmp_ln71 = icmp_eq  i2 %trunc_ln67_3, i2 0" [bnn.cpp:71->bnn.cpp:142]   --->   Operation 45 'icmp' 'icmp_ln71' <Predicate = true> <Delay = 1.56> <CoreInst = "Cmp">   --->   Core 9 'Cmp' <Latency = 0> <II = 1> <Delay = 1.56> <FuncUnit> <Opcode : 'seteq' 'setne' 'setle' 'setge' 'setlt' 'setgt'> <InPorts = 2> <OutPorts = 1>
ST_3 : Operation 46 [1/1] (1.56ns)   --->   "%icmp_ln71_1 = icmp_eq  i2 %trunc_ln67_3, i2 1" [bnn.cpp:71->bnn.cpp:142]   --->   Operation 46 'icmp' 'icmp_ln71_1' <Predicate = true> <Delay = 1.56> <CoreInst = "Cmp">   --->   Core 9 'Cmp' <Latency = 0> <II = 1> <Delay = 1.56> <FuncUnit> <Opcode : 'seteq' 'setne' 'setle' 'setge' 'setlt' 'setgt'> <InPorts = 2> <OutPorts = 1>
ST_3 : Operation 47 [1/1] (1.56ns)   --->   "%icmp_ln71_2 = icmp_eq  i2 %trunc_ln67_3, i2 2" [bnn.cpp:71->bnn.cpp:142]   --->   Operation 47 'icmp' 'icmp_ln71_2' <Predicate = true> <Delay = 1.56> <CoreInst = "Cmp">   --->   Core 9 'Cmp' <Latency = 0> <II = 1> <Delay = 1.56> <FuncUnit> <Opcode : 'seteq' 'setne' 'setle' 'setge' 'setlt' 'setgt'> <InPorts = 2> <OutPorts = 1>
ST_3 : Operation 48 [1/1] (0.00ns) (grouped into LUT with out node or_i20)   --->   "%xor_ln70 = xor i1 %icmp_ln70, i1 1" [bnn.cpp:70->bnn.cpp:142]   --->   Operation 48 'xor' 'xor_ln70' <Predicate = true> <Delay = 0.00> <CoreInst = "LogicGate">   --->   Core 74 'LogicGate' <Latency = 0> <II = 1> <Delay = 0.97> <FuncUnit> <Opcode : 'and' 'or' 'xor'> <InPorts = 2> <OutPorts = 1>
ST_3 : Operation 49 [1/1] (0.00ns) (grouped into LUT with out node or_i20)   --->   "%or_ln71_1 = or i1 %icmp_ln71_1, i1 %icmp_ln71_2" [bnn.cpp:71->bnn.cpp:142]   --->   Operation 49 'or' 'or_ln71_1' <Predicate = true> <Delay = 0.00> <CoreInst = "LogicGate">   --->   Core 74 'LogicGate' <Latency = 0> <II = 1> <Delay = 0.97> <FuncUnit> <Opcode : 'and' 'or' 'xor'> <InPorts = 2> <OutPorts = 1>
ST_3 : Operation 50 [1/1] (0.00ns) (grouped into LUT with out node or_i20)   --->   "%or_ln71_2 = or i1 %or_ln71_1, i1 %icmp_ln71" [bnn.cpp:71->bnn.cpp:142]   --->   Operation 50 'or' 'or_ln71_2' <Predicate = true> <Delay = 0.00> <CoreInst = "LogicGate">   --->   Core 74 'LogicGate' <Latency = 0> <II = 1> <Delay = 0.97> <FuncUnit> <Opcode : 'and' 'or' 'xor'> <InPorts = 2> <OutPorts = 1>
ST_3 : Operation 51 [1/1] (0.00ns) (grouped into LUT with out node or_i20)   --->   "%or_ln71_3 = or i1 %or_ln71_2, i1 %xor_ln70" [bnn.cpp:71->bnn.cpp:142]   --->   Operation 51 'or' 'or_ln71_3' <Predicate = true> <Delay = 0.00> <CoreInst = "LogicGate">   --->   Core 74 'LogicGate' <Latency = 0> <II = 1> <Delay = 0.97> <FuncUnit> <Opcode : 'and' 'or' 'xor'> <InPorts = 2> <OutPorts = 1>
ST_3 : Operation 52 [1/1] (0.97ns) (out node of the LUT)   --->   "%or_i20 = select i1 %or_ln71_3, i32 %layer1_quantized_7_load_1, i32 %or_ln71" [bnn.cpp:71->bnn.cpp:142]   --->   Operation 52 'select' 'or_i20' <Predicate = true> <Delay = 0.97> <CoreInst = "Sel">   --->   Core 73 'Sel' <Latency = 0> <II = 1> <Delay = 0.69> <FuncUnit> <Opcode : 'select'> <InPorts = 3> <OutPorts = 1>
ST_3 : Operation 53 [1/1] (0.00ns) (grouped into LUT with out node or_i16)   --->   "%and_ln71 = and i1 %icmp_ln70, i1 %icmp_ln71_2" [bnn.cpp:71->bnn.cpp:142]   --->   Operation 53 'and' 'and_ln71' <Predicate = true> <Delay = 0.00> <CoreInst = "LogicGate">   --->   Core 74 'LogicGate' <Latency = 0> <II = 1> <Delay = 0.97> <FuncUnit> <Opcode : 'and' 'or' 'xor'> <InPorts = 2> <OutPorts = 1>
ST_3 : Operation 54 [1/1] (0.97ns) (out node of the LUT)   --->   "%or_i16 = select i1 %and_ln71, i32 %or_ln71, i32 %layer1_quantized_6_load_1" [bnn.cpp:71->bnn.cpp:142]   --->   Operation 54 'select' 'or_i16' <Predicate = true> <Delay = 0.97> <CoreInst = "Sel">   --->   Core 73 'Sel' <Latency = 0> <II = 1> <Delay = 0.69> <FuncUnit> <Opcode : 'select'> <InPorts = 3> <OutPorts = 1>
ST_3 : Operation 55 [1/1] (0.00ns) (grouped into LUT with out node or_i13)   --->   "%and_ln71_1 = and i1 %icmp_ln70, i1 %icmp_ln71_1" [bnn.cpp:71->bnn.cpp:142]   --->   Operation 55 'and' 'and_ln71_1' <Predicate = true> <Delay = 0.00> <CoreInst = "LogicGate">   --->   Core 74 'LogicGate' <Latency = 0> <II = 1> <Delay = 0.97> <FuncUnit> <Opcode : 'and' 'or' 'xor'> <InPorts = 2> <OutPorts = 1>
ST_3 : Operation 56 [1/1] (0.97ns) (out node of the LUT)   --->   "%or_i13 = select i1 %and_ln71_1, i32 %or_ln71, i32 %layer1_quantized_5_load_1" [bnn.cpp:71->bnn.cpp:142]   --->   Operation 56 'select' 'or_i13' <Predicate = true> <Delay = 0.97> <CoreInst = "Sel">   --->   Core 73 'Sel' <Latency = 0> <II = 1> <Delay = 0.69> <FuncUnit> <Opcode : 'select'> <InPorts = 3> <OutPorts = 1>
ST_3 : Operation 57 [1/1] (0.00ns) (grouped into LUT with out node or_i10)   --->   "%and_ln71_2 = and i1 %icmp_ln70, i1 %icmp_ln71" [bnn.cpp:71->bnn.cpp:142]   --->   Operation 57 'and' 'and_ln71_2' <Predicate = true> <Delay = 0.00> <CoreInst = "LogicGate">   --->   Core 74 'LogicGate' <Latency = 0> <II = 1> <Delay = 0.97> <FuncUnit> <Opcode : 'and' 'or' 'xor'> <InPorts = 2> <OutPorts = 1>
ST_3 : Operation 58 [1/1] (0.97ns) (out node of the LUT)   --->   "%or_i10 = select i1 %and_ln71_2, i32 %or_ln71, i32 %layer1_quantized_4_load_1" [bnn.cpp:71->bnn.cpp:142]   --->   Operation 58 'select' 'or_i10' <Predicate = true> <Delay = 0.97> <CoreInst = "Sel">   --->   Core 73 'Sel' <Latency = 0> <II = 1> <Delay = 0.69> <FuncUnit> <Opcode : 'select'> <InPorts = 3> <OutPorts = 1>
ST_3 : Operation 59 [1/1] (1.58ns)   --->   "%store_ln71 = store i32 %or_i20, i32 %layer1_quantized_7" [bnn.cpp:71->bnn.cpp:142]   --->   Operation 59 'store' 'store_ln71' <Predicate = true> <Delay = 1.58>
ST_3 : Operation 60 [1/1] (1.58ns)   --->   "%store_ln71 = store i32 %or_i16, i32 %layer1_quantized_6" [bnn.cpp:71->bnn.cpp:142]   --->   Operation 60 'store' 'store_ln71' <Predicate = true> <Delay = 1.58>
ST_3 : Operation 61 [1/1] (1.58ns)   --->   "%store_ln71 = store i32 %or_i13, i32 %layer1_quantized_5" [bnn.cpp:71->bnn.cpp:142]   --->   Operation 61 'store' 'store_ln71' <Predicate = true> <Delay = 1.58>
ST_3 : Operation 62 [1/1] (1.58ns)   --->   "%store_ln71 = store i32 %or_i10, i32 %layer1_quantized_4" [bnn.cpp:71->bnn.cpp:142]   --->   Operation 62 'store' 'store_ln71' <Predicate = true> <Delay = 1.58>
ST_3 : Operation 63 [1/1] (0.00ns)   --->   "%br_ln66 = br void %for.body5.i" [bnn.cpp:66->bnn.cpp:142]   --->   Operation 63 'br' 'br_ln66' <Predicate = true> <Delay = 0.00>


============================================================
+ Verbose Summary: Timing violations
============================================================
Target clock period: 10.000ns, clock uncertainty: 2.700ns.

 <State 1>: 5.091ns
The critical path consists of the following:
	'store' operation 0 bit ('store_ln66', bnn.cpp:66->bnn.cpp:142) of constant 0 on local variable 'i', bnn.cpp:66->bnn.cpp:142 [23]  (1.588 ns)
	'load' operation 8 bit ('i', bnn.cpp:67->bnn.cpp:142) on local variable 'i', bnn.cpp:66->bnn.cpp:142 [26]  (0.000 ns)
	'add' operation 8 bit ('add_ln66', bnn.cpp:66->bnn.cpp:142) [29]  (1.915 ns)
	'store' operation 0 bit ('store_ln66', bnn.cpp:66->bnn.cpp:142) of variable 'add_ln66', bnn.cpp:66->bnn.cpp:142 on local variable 'i', bnn.cpp:66->bnn.cpp:142 [67]  (1.588 ns)

 <State 2>: 5.806ns
The critical path consists of the following:
	'load' operation 32 bit ('layer1_output_load', bnn.cpp:70->bnn.cpp:142) on array 'layer1_output' [44]  (3.254 ns)
	'icmp' operation 1 bit ('icmp_ln70', bnn.cpp:70->bnn.cpp:142) [45]  (2.552 ns)

 <State 3>: 6.228ns
The critical path consists of the following:
	'xor' operation 5 bit ('bit_pos', bnn.cpp:68->bnn.cpp:142) [41]  (0.000 ns)
	'shl' operation 32 bit ('shl_ln71', bnn.cpp:71->bnn.cpp:142) [46]  (2.669 ns)
	'or' operation 32 bit ('or_ln71', bnn.cpp:71->bnn.cpp:142) [48]  (0.993 ns)
	'select' operation 32 bit ('or_i20', bnn.cpp:71->bnn.cpp:142) [56]  (0.978 ns)
	'store' operation 0 bit ('store_ln71', bnn.cpp:71->bnn.cpp:142) of variable 'or_i20', bnn.cpp:71->bnn.cpp:142 on local variable 'layer1_quantized_7' [63]  (1.588 ns)


============================================================
+ Verbose Summary: Binding
============================================================
N/A
* FSMD analyzer results:
  - Output states:
 - Input state : 
  - Chain level:
	State 1
	State 2
	State 3


============================================================
+ Verbose Summary: Datapath Resource usage 
============================================================
N/A
