

================================================================
== Vitis HLS Report for 'Block_entry_gmem_rd_proc'
================================================================
* Date:           Sat Dec 13 15:02:37 2025

* Version:        2024.2.2 (Build 6049644 on Mar  5 2025)
* Project:        bnn
* Solution:       solution1 (Vivado IP Flow Target)
* Product family: zynq
* Target device:  xc7z020-clg400-1


================================================================
== Performance Estimates
================================================================
+ Timing: 
    * Summary: 
    +--------+----------+----------+------------+
    |  Clock |  Target  | Estimated| Uncertainty|
    +--------+----------+----------+------------+
    |ap_clk  |  10.00 ns|  7.300 ns|     2.70 ns|
    +--------+----------+----------+------------+

+ Latency: 
    * Summary: 
    +---------+---------+----------+----------+-----+-----+---------+
    |  Latency (cycles) |  Latency (absolute) |  Interval | Pipeline|
    |   min   |   max   |    min   |    max   | min | max |   Type  |
    +---------+---------+----------+----------+-----+-----+---------+
    |       32|       32|  0.320 us|  0.320 us|   32|   32|       no|
    +---------+---------+----------+----------+-----+-----+---------+

    + Detail: 
        * Instance: 
        N/A

        * Loop: 
        N/A



================================================================
== Utilization Estimates
================================================================
* Summary: 
+-----------------+---------+-----+--------+-------+-----+
|       Name      | BRAM_18K| DSP |   FF   |  LUT  | URAM|
+-----------------+---------+-----+--------+-------+-----+
|DSP              |        -|    -|       -|      -|    -|
|Expression       |        -|    -|       0|      2|    -|
|FIFO             |        -|    -|       -|      -|    -|
|Instance         |        -|    -|       -|      -|    -|
|Memory           |        -|    -|       -|      -|    -|
|Multiplexer      |        -|    -|       0|    403|    -|
|Register         |        -|    -|    1602|      -|    -|
+-----------------+---------+-----+--------+-------+-----+
|Total            |        0|    0|    1602|    405|    0|
+-----------------+---------+-----+--------+-------+-----+
|Available        |      280|  220|  106400|  53200|    0|
+-----------------+---------+-----+--------+-------+-----+
|Utilization (%)  |        0|    0|       1|     ~0|    0|
+-----------------+---------+-----+--------+-------+-----+

+ Detail: 
    * Instance: 
    N/A

    * DSP: 
    N/A

    * Memory: 
    N/A

    * FIFO: 
    N/A

    * Expression: 
    +-----------------+----------+----+---+----+------------+------------+
    |  Variable Name  | Operation| DSP| FF| LUT| Bitwidth P0| Bitwidth P1|
    +-----------------+----------+----+---+----+------------+------------+
    |ap_block_state1  |        or|   0|  0|   2|           1|           1|
    +-----------------+----------+----+---+----+------------+------------+
    |Total            |          |   0|  0|   2|           1|           1|
    +-----------------+----------+----+---+----+------------+------------+

    * Multiplexer: 
    +---------------+-----+-----------+-----+-----------+
    |      Name     | LUT | Input Size| Bits| Total Bits|
    +---------------+-----+-----------+-----+-----------+
    |ap_NS_fsm      |  151|         34|    1|         34|
    |ap_done        |    9|          2|    1|          2|
    |ap_return_0    |    9|          2|   32|         64|
    |ap_return_1    |    9|          2|   32|         64|
    |ap_return_10   |    9|          2|   32|         64|
    |ap_return_11   |    9|          2|   32|         64|
    |ap_return_12   |    9|          2|   32|         64|
    |ap_return_13   |    9|          2|   32|         64|
    |ap_return_14   |    9|          2|   32|         64|
    |ap_return_15   |    9|          2|   32|         64|
    |ap_return_16   |    9|          2|   32|         64|
    |ap_return_17   |    9|          2|   32|         64|
    |ap_return_18   |    9|          2|   32|         64|
    |ap_return_19   |    9|          2|   32|         64|
    |ap_return_2    |    9|          2|   32|         64|
    |ap_return_20   |    9|          2|   32|         64|
    |ap_return_21   |    9|          2|   32|         64|
    |ap_return_22   |    9|          2|   32|         64|
    |ap_return_23   |    9|          2|   32|         64|
    |ap_return_24   |    9|          2|   32|         64|
    |ap_return_3    |    9|          2|   32|         64|
    |ap_return_4    |    9|          2|   32|         64|
    |ap_return_5    |    9|          2|   32|         64|
    |ap_return_6    |    9|          2|   32|         64|
    |ap_return_7    |    9|          2|   32|         64|
    |ap_return_8    |    9|          2|   32|         64|
    |ap_return_9    |    9|          2|   32|         64|
    |gmem_blk_n_AR  |    9|          2|    1|          2|
    |gmem_blk_n_R   |    9|          2|    1|          2|
    +---------------+-----+-----------+-----+-----------+
    |Total          |  403|         90|  804|       1640|
    +---------------+-----+-----------+-----+-----------+

    * Register: 
    +---------------------------+----+----+-----+-----------+
    |            Name           | FF | LUT| Bits| Const Bits|
    +---------------------------+----+----+-----+-----------+
    |ap_CS_fsm                  |  33|   0|   33|          0|
    |ap_done_reg                |   1|   0|    1|          0|
    |ap_return_0_preg           |  32|   0|   32|          0|
    |ap_return_10_preg          |  32|   0|   32|          0|
    |ap_return_11_preg          |  32|   0|   32|          0|
    |ap_return_12_preg          |  32|   0|   32|          0|
    |ap_return_13_preg          |  32|   0|   32|          0|
    |ap_return_14_preg          |  32|   0|   32|          0|
    |ap_return_15_preg          |  32|   0|   32|          0|
    |ap_return_16_preg          |  32|   0|   32|          0|
    |ap_return_17_preg          |  32|   0|   32|          0|
    |ap_return_18_preg          |  32|   0|   32|          0|
    |ap_return_19_preg          |  32|   0|   32|          0|
    |ap_return_1_preg           |  32|   0|   32|          0|
    |ap_return_20_preg          |  32|   0|   32|          0|
    |ap_return_21_preg          |  32|   0|   32|          0|
    |ap_return_22_preg          |  32|   0|   32|          0|
    |ap_return_23_preg          |  32|   0|   32|          0|
    |ap_return_24_preg          |  32|   0|   32|          0|
    |ap_return_2_preg           |  32|   0|   32|          0|
    |ap_return_3_preg           |  32|   0|   32|          0|
    |ap_return_4_preg           |  32|   0|   32|          0|
    |ap_return_5_preg           |  32|   0|   32|          0|
    |ap_return_6_preg           |  32|   0|   32|          0|
    |ap_return_7_preg           |  32|   0|   32|          0|
    |ap_return_8_preg           |  32|   0|   32|          0|
    |ap_return_9_preg           |  32|   0|   32|          0|
    |gmem_addr_read_10_reg_261  |  32|   0|   32|          0|
    |gmem_addr_read_11_reg_266  |  32|   0|   32|          0|
    |gmem_addr_read_12_reg_271  |  32|   0|   32|          0|
    |gmem_addr_read_13_reg_276  |  32|   0|   32|          0|
    |gmem_addr_read_14_reg_281  |  32|   0|   32|          0|
    |gmem_addr_read_15_reg_286  |  32|   0|   32|          0|
    |gmem_addr_read_16_reg_291  |  32|   0|   32|          0|
    |gmem_addr_read_17_reg_296  |  32|   0|   32|          0|
    |gmem_addr_read_18_reg_301  |  32|   0|   32|          0|
    |gmem_addr_read_19_reg_306  |  32|   0|   32|          0|
    |gmem_addr_read_1_reg_216   |  32|   0|   32|          0|
    |gmem_addr_read_20_reg_311  |  32|   0|   32|          0|
    |gmem_addr_read_21_reg_316  |  32|   0|   32|          0|
    |gmem_addr_read_22_reg_321  |  32|   0|   32|          0|
    |gmem_addr_read_23_reg_326  |  32|   0|   32|          0|
    |gmem_addr_read_2_reg_221   |  32|   0|   32|          0|
    |gmem_addr_read_3_reg_226   |  32|   0|   32|          0|
    |gmem_addr_read_4_reg_231   |  32|   0|   32|          0|
    |gmem_addr_read_5_reg_236   |  32|   0|   32|          0|
    |gmem_addr_read_6_reg_241   |  32|   0|   32|          0|
    |gmem_addr_read_7_reg_246   |  32|   0|   32|          0|
    |gmem_addr_read_8_reg_251   |  32|   0|   32|          0|
    |gmem_addr_read_9_reg_256   |  32|   0|   32|          0|
    |gmem_addr_read_reg_211     |  32|   0|   32|          0|
    +---------------------------+----+----+-----+-----------+
    |Total                      |1602|   0| 1602|          0|
    +---------------------------+----+----+-----+-----------+



================================================================
== Interface
================================================================
* Summary: 
+-----------------------+-----+-----+------------+--------------------------+--------------+
|       RTL Ports       | Dir | Bits|  Protocol  |       Source Object      |    C Type    |
+-----------------------+-----+-----+------------+--------------------------+--------------+
|ap_clk                 |   in|    1|  ap_ctrl_hs|  Block_entry_gmem_rd_proc|  return value|
|ap_rst                 |   in|    1|  ap_ctrl_hs|  Block_entry_gmem_rd_proc|  return value|
|ap_start               |   in|    1|  ap_ctrl_hs|  Block_entry_gmem_rd_proc|  return value|
|ap_done                |  out|    1|  ap_ctrl_hs|  Block_entry_gmem_rd_proc|  return value|
|ap_continue            |   in|    1|  ap_ctrl_hs|  Block_entry_gmem_rd_proc|  return value|
|ap_idle                |  out|    1|  ap_ctrl_hs|  Block_entry_gmem_rd_proc|  return value|
|ap_ready               |  out|    1|  ap_ctrl_hs|  Block_entry_gmem_rd_proc|  return value|
|ap_return_0            |  out|   32|  ap_ctrl_hs|  Block_entry_gmem_rd_proc|  return value|
|ap_return_1            |  out|   32|  ap_ctrl_hs|  Block_entry_gmem_rd_proc|  return value|
|ap_return_2            |  out|   32|  ap_ctrl_hs|  Block_entry_gmem_rd_proc|  return value|
|ap_return_3            |  out|   32|  ap_ctrl_hs|  Block_entry_gmem_rd_proc|  return value|
|ap_return_4            |  out|   32|  ap_ctrl_hs|  Block_entry_gmem_rd_proc|  return value|
|ap_return_5            |  out|   32|  ap_ctrl_hs|  Block_entry_gmem_rd_proc|  return value|
|ap_return_6            |  out|   32|  ap_ctrl_hs|  Block_entry_gmem_rd_proc|  return value|
|ap_return_7            |  out|   32|  ap_ctrl_hs|  Block_entry_gmem_rd_proc|  return value|
|ap_return_8            |  out|   32|  ap_ctrl_hs|  Block_entry_gmem_rd_proc|  return value|
|ap_return_9            |  out|   32|  ap_ctrl_hs|  Block_entry_gmem_rd_proc|  return value|
|ap_return_10           |  out|   32|  ap_ctrl_hs|  Block_entry_gmem_rd_proc|  return value|
|ap_return_11           |  out|   32|  ap_ctrl_hs|  Block_entry_gmem_rd_proc|  return value|
|ap_return_12           |  out|   32|  ap_ctrl_hs|  Block_entry_gmem_rd_proc|  return value|
|ap_return_13           |  out|   32|  ap_ctrl_hs|  Block_entry_gmem_rd_proc|  return value|
|ap_return_14           |  out|   32|  ap_ctrl_hs|  Block_entry_gmem_rd_proc|  return value|
|ap_return_15           |  out|   32|  ap_ctrl_hs|  Block_entry_gmem_rd_proc|  return value|
|ap_return_16           |  out|   32|  ap_ctrl_hs|  Block_entry_gmem_rd_proc|  return value|
|ap_return_17           |  out|   32|  ap_ctrl_hs|  Block_entry_gmem_rd_proc|  return value|
|ap_return_18           |  out|   32|  ap_ctrl_hs|  Block_entry_gmem_rd_proc|  return value|
|ap_return_19           |  out|   32|  ap_ctrl_hs|  Block_entry_gmem_rd_proc|  return value|
|ap_return_20           |  out|   32|  ap_ctrl_hs|  Block_entry_gmem_rd_proc|  return value|
|ap_return_21           |  out|   32|  ap_ctrl_hs|  Block_entry_gmem_rd_proc|  return value|
|ap_return_22           |  out|   32|  ap_ctrl_hs|  Block_entry_gmem_rd_proc|  return value|
|ap_return_23           |  out|   32|  ap_ctrl_hs|  Block_entry_gmem_rd_proc|  return value|
|ap_return_24           |  out|   32|  ap_ctrl_hs|  Block_entry_gmem_rd_proc|  return value|
|IN_r                   |   in|   64|     ap_none|                      IN_r|        scalar|
|m_axi_gmem_0_AWVALID   |  out|    1|       m_axi|                      gmem|       pointer|
|m_axi_gmem_0_AWREADY   |   in|    1|       m_axi|                      gmem|       pointer|
|m_axi_gmem_0_AWADDR    |  out|   64|       m_axi|                      gmem|       pointer|
|m_axi_gmem_0_AWID      |  out|    1|       m_axi|                      gmem|       pointer|
|m_axi_gmem_0_AWLEN     |  out|   32|       m_axi|                      gmem|       pointer|
|m_axi_gmem_0_AWSIZE    |  out|    3|       m_axi|                      gmem|       pointer|
|m_axi_gmem_0_AWBURST   |  out|    2|       m_axi|                      gmem|       pointer|
|m_axi_gmem_0_AWLOCK    |  out|    2|       m_axi|                      gmem|       pointer|
|m_axi_gmem_0_AWCACHE   |  out|    4|       m_axi|                      gmem|       pointer|
|m_axi_gmem_0_AWPROT    |  out|    3|       m_axi|                      gmem|       pointer|
|m_axi_gmem_0_AWQOS     |  out|    4|       m_axi|                      gmem|       pointer|
|m_axi_gmem_0_AWREGION  |  out|    4|       m_axi|                      gmem|       pointer|
|m_axi_gmem_0_AWUSER    |  out|    1|       m_axi|                      gmem|       pointer|
|m_axi_gmem_0_WVALID    |  out|    1|       m_axi|                      gmem|       pointer|
|m_axi_gmem_0_WREADY    |   in|    1|       m_axi|                      gmem|       pointer|
|m_axi_gmem_0_WDATA     |  out|   32|       m_axi|                      gmem|       pointer|
|m_axi_gmem_0_WSTRB     |  out|    4|       m_axi|                      gmem|       pointer|
|m_axi_gmem_0_WLAST     |  out|    1|       m_axi|                      gmem|       pointer|
|m_axi_gmem_0_WID       |  out|    1|       m_axi|                      gmem|       pointer|
|m_axi_gmem_0_WUSER     |  out|    1|       m_axi|                      gmem|       pointer|
|m_axi_gmem_0_ARVALID   |  out|    1|       m_axi|                      gmem|       pointer|
|m_axi_gmem_0_ARREADY   |   in|    1|       m_axi|                      gmem|       pointer|
|m_axi_gmem_0_ARADDR    |  out|   64|       m_axi|                      gmem|       pointer|
|m_axi_gmem_0_ARID      |  out|    1|       m_axi|                      gmem|       pointer|
|m_axi_gmem_0_ARLEN     |  out|   32|       m_axi|                      gmem|       pointer|
|m_axi_gmem_0_ARSIZE    |  out|    3|       m_axi|                      gmem|       pointer|
|m_axi_gmem_0_ARBURST   |  out|    2|       m_axi|                      gmem|       pointer|
|m_axi_gmem_0_ARLOCK    |  out|    2|       m_axi|                      gmem|       pointer|
|m_axi_gmem_0_ARCACHE   |  out|    4|       m_axi|                      gmem|       pointer|
|m_axi_gmem_0_ARPROT    |  out|    3|       m_axi|                      gmem|       pointer|
|m_axi_gmem_0_ARQOS     |  out|    4|       m_axi|                      gmem|       pointer|
|m_axi_gmem_0_ARREGION  |  out|    4|       m_axi|                      gmem|       pointer|
|m_axi_gmem_0_ARUSER    |  out|    1|       m_axi|                      gmem|       pointer|
|m_axi_gmem_0_RVALID    |   in|    1|       m_axi|                      gmem|       pointer|
|m_axi_gmem_0_RREADY    |  out|    1|       m_axi|                      gmem|       pointer|
|m_axi_gmem_0_RDATA     |   in|   32|       m_axi|                      gmem|       pointer|
|m_axi_gmem_0_RLAST     |   in|    1|       m_axi|                      gmem|       pointer|
|m_axi_gmem_0_RID       |   in|    1|       m_axi|                      gmem|       pointer|
|m_axi_gmem_0_RFIFONUM  |   in|   10|       m_axi|                      gmem|       pointer|
|m_axi_gmem_0_RUSER     |   in|    1|       m_axi|                      gmem|       pointer|
|m_axi_gmem_0_RRESP     |   in|    2|       m_axi|                      gmem|       pointer|
|m_axi_gmem_0_BVALID    |   in|    1|       m_axi|                      gmem|       pointer|
|m_axi_gmem_0_BREADY    |  out|    1|       m_axi|                      gmem|       pointer|
|m_axi_gmem_0_BRESP     |   in|    2|       m_axi|                      gmem|       pointer|
|m_axi_gmem_0_BID       |   in|    1|       m_axi|                      gmem|       pointer|
|m_axi_gmem_0_BUSER     |   in|    1|       m_axi|                      gmem|       pointer|
+-----------------------+-----+-----+------------+--------------------------+--------------+

