

================================================================
== Vitis HLS Report for 'dense_layer_1'
================================================================
* Date:           Sat Dec 13 15:03:03 2025

* Version:        2024.2.2 (Build 6049644 on Mar  5 2025)
* Project:        bnn
* Solution:       solution1 (Vivado IP Flow Target)
* Product family: zynq
* Target device:  xc7z020-clg400-1


================================================================
== Performance Estimates
================================================================
+ Timing: 
    * Summary: 
    +--------+----------+----------+------------+
    |  Clock |  Target  | Estimated| Uncertainty|
    +--------+----------+----------+------------+
    |ap_clk  |  10.00 ns|  6.769 ns|     2.70 ns|
    +--------+----------+----------+------------+

+ Latency: 
    * Summary: 
    +---------+---------+----------+----------+-----+-----+------------------------------------------------+
    |  Latency (cycles) |  Latency (absolute) |  Interval |                    Pipeline                    |
    |   min   |   max   |    min   |    max   | min | max |                      Type                      |
    +---------+---------+----------+----------+-----+-----+------------------------------------------------+
    |       37|       37|  0.370 us|  0.370 us|   32|   32|  loop auto-rewind stp (delay=0 clock cycles(s))|
    +---------+---------+----------+----------+-----+-----+------------------------------------------------+

    + Detail: 
        * Instance: 
        N/A

        * Loop: 
        +-------------------+---------+---------+----------+-----------+-----------+------+----------+
        |                   |  Latency (cycles) | Iteration|  Initiation Interval  | Trip |          |
        |     Loop Name     |   min   |   max   |  Latency |  achieved |   target  | Count| Pipelined|
        +-------------------+---------+---------+----------+-----------+-----------+------+----------+
        |- VITIS_LOOP_34_1  |       35|       35|         5|          1|          1|    32|       yes|
        +-------------------+---------+---------+----------+-----------+-----------+------+----------+



================================================================
== Utilization Estimates
================================================================
* Summary: 
+-----------------+---------+-----+--------+-------+-----+
|       Name      | BRAM_18K| DSP |   FF   |  LUT  | URAM|
+-----------------+---------+-----+--------+-------+-----+
|DSP              |        -|    -|       -|      -|    -|
|Expression       |        -|    -|       0|   2874|    -|
|FIFO             |        -|    -|       -|      -|    -|
|Instance         |        -|    -|       -|      -|    -|
|Memory           |        4|    -|       0|      0|    -|
|Multiplexer      |        -|    -|       0|   1188|    -|
|Register         |        -|    -|    1955|     32|    -|
+-----------------+---------+-----+--------+-------+-----+
|Total            |        4|    0|    1955|   4094|    0|
+-----------------+---------+-----+--------+-------+-----+
|Available        |      280|  220|  106400|  53200|    0|
+-----------------+---------+-----+--------+-------+-----+
|Utilization (%)  |        1|    0|       1|      7|    0|
+-----------------+---------+-----+--------+-------+-----+

+ Detail: 
    * Instance: 
    N/A

    * DSP: 
    N/A

    * Memory: 
    +--------------------+--------------------------------------------+---------+---+----+-----+------+-----+------+-------------+
    |       Memory       |                   Module                   | BRAM_18K| FF| LUT| URAM| Words| Bits| Banks| W*Bits*Banks|
    +--------------------+--------------------------------------------+---------+---+----+-----+------+-----+------+-------------+
    |p_ZL9golden_w2_0_U  |dense_layer_1_p_ZL9golden_w2_0_ROM_AUTO_1R  |        1|  0|   0|    0|    64|   32|     1|         2048|
    |p_ZL9golden_w2_1_U  |dense_layer_1_p_ZL9golden_w2_1_ROM_AUTO_1R  |        1|  0|   0|    0|    64|   32|     1|         2048|
    |p_ZL9golden_w2_2_U  |dense_layer_1_p_ZL9golden_w2_2_ROM_AUTO_1R  |        1|  0|   0|    0|    64|   32|     1|         2048|
    |p_ZL9golden_w2_3_U  |dense_layer_1_p_ZL9golden_w2_3_ROM_AUTO_1R  |        1|  0|   0|    0|    64|   32|     1|         2048|
    +--------------------+--------------------------------------------+---------+---+----+-----+------+-----+------+-------------+
    |Total               |                                            |        4|  0|   0|    0|   256|  128|     4|         8192|
    +--------------------+--------------------------------------------+---------+---+----+-----+------+-----+------+-------------+

    * FIFO: 
    N/A

    * Expression: 
    +------------------------------+----------+----+---+----+------------+------------+
    |         Variable Name        | Operation| DSP| FF| LUT| Bitwidth P0| Bitwidth P1|
    +------------------------------+----------+----+---+----+------------+------------+
    |add_ln10_10_fu_7815_p2        |         +|   0|  0|  28|          28|          28|
    |add_ln10_4_fu_6735_p2         |         +|   0|  0|  28|          28|          28|
    |add_ln10_5_fu_6915_p2         |         +|   0|  0|  28|          28|          28|
    |add_ln10_6_fu_7095_p2         |         +|   0|  0|  28|          28|          28|
    |add_ln10_7_fu_7275_p2         |         +|   0|  0|  28|          28|          28|
    |add_ln10_8_fu_7455_p2         |         +|   0|  0|  28|          28|          28|
    |add_ln10_9_fu_7635_p2         |         +|   0|  0|  28|          28|          28|
    |add_ln10_fu_6555_p2           |         +|   0|  0|  28|          28|          28|
    |add_ln11_11_fu_8095_p2        |         +|   0|  0|   7|           6|           6|
    |add_ln11_13_fu_8163_p2        |         +|   0|  0|   7|           6|           6|
    |add_ln11_15_fu_8231_p2        |         +|   0|  0|   7|           6|           6|
    |add_ln11_17_fu_8299_p2        |         +|   0|  0|   7|           6|           6|
    |add_ln11_19_fu_8367_p2        |         +|   0|  0|   7|           6|           6|
    |add_ln11_7_fu_7959_p2         |         +|   0|  0|   7|           6|           6|
    |add_ln11_9_fu_8027_p2         |         +|   0|  0|   7|           6|           6|
    |add_ln11_fu_7891_p2           |         +|   0|  0|   7|           6|           6|
    |add_ln56_1_fu_8464_p2         |         +|   0|  0|  14|           7|           7|
    |add_ln56_fu_8408_p2           |         +|   0|  0|  14|           7|           7|
    |add_ln60_4_fu_8449_p2         |         +|   0|  0|  13|          10|           9|
    |add_ln60_5_fu_8487_p2         |         +|   0|  0|  15|           8|           8|
    |add_ln60_6_fu_8505_p2         |         +|   0|  0|  13|          10|           9|
    |add_ln60_7_fu_8421_p2         |         +|   0|  0|  14|           7|           7|
    |add_ln60_8_fu_8477_p2         |         +|   0|  0|  14|           7|           7|
    |add_ln60_fu_8431_p2           |         +|   0|  0|  15|           8|           8|
    |add_ln8_12_fu_1229_p2         |         +|   0|  0|  36|          29|          29|
    |add_ln8_14_fu_1951_p2         |         +|   0|  0|  36|          29|          29|
    |add_ln8_15_fu_1957_p2         |         +|   0|  0|  37|          30|          30|
    |add_ln8_17_fu_2673_p2         |         +|   0|  0|  36|          29|          29|
    |add_ln8_18_fu_2679_p2         |         +|   0|  0|  37|          30|          30|
    |add_ln8_20_fu_3395_p2         |         +|   0|  0|  36|          29|          29|
    |add_ln8_21_fu_3401_p2         |         +|   0|  0|  37|          30|          30|
    |add_ln8_23_fu_4107_p2         |         +|   0|  0|  36|          29|          29|
    |add_ln8_24_fu_4113_p2         |         +|   0|  0|  37|          30|          30|
    |add_ln8_26_fu_4819_p2         |         +|   0|  0|  36|          29|          29|
    |add_ln8_27_fu_4825_p2         |         +|   0|  0|  37|          30|          30|
    |add_ln8_29_fu_5531_p2         |         +|   0|  0|  36|          29|          29|
    |add_ln8_30_fu_5537_p2         |         +|   0|  0|  37|          30|          30|
    |add_ln8_32_fu_6243_p2         |         +|   0|  0|  36|          29|          29|
    |add_ln8_33_fu_6249_p2         |         +|   0|  0|  37|          30|          30|
    |add_ln8_fu_1235_p2            |         +|   0|  0|  37|          30|          30|
    |add_ln9_11_fu_7069_p2         |         +|   0|  0|  28|          28|          28|
    |add_ln9_13_fu_7249_p2         |         +|   0|  0|  28|          28|          28|
    |add_ln9_15_fu_7429_p2         |         +|   0|  0|  28|          28|          28|
    |add_ln9_17_fu_7609_p2         |         +|   0|  0|  28|          28|          28|
    |add_ln9_19_fu_7789_p2         |         +|   0|  0|  28|          28|          28|
    |add_ln9_7_fu_6709_p2          |         +|   0|  0|  28|          28|          28|
    |add_ln9_9_fu_6889_p2          |         +|   0|  0|  28|          28|          28|
    |add_ln9_fu_6529_p2            |         +|   0|  0|  28|          28|          28|
    |n_fu_660_p2                   |         +|   0|  0|  14|           7|           2|
    |s0_10_fu_6255_p2              |         +|   0|  0|  39|          32|          32|
    |s0_4_fu_1963_p2               |         +|   0|  0|  39|          32|          32|
    |s0_5_fu_2685_p2               |         +|   0|  0|  39|          32|          32|
    |s0_6_fu_3407_p2               |         +|   0|  0|  39|          32|          32|
    |s0_7_fu_4119_p2               |         +|   0|  0|  39|          32|          32|
    |s0_8_fu_4831_p2               |         +|   0|  0|  39|          32|          32|
    |s0_9_fu_5543_p2               |         +|   0|  0|  39|          32|          32|
    |s0_fu_1241_p2                 |         +|   0|  0|  39|          32|          32|
    |s1_10_fu_7795_p2              |         +|   0|  0|  38|          31|          31|
    |s1_4_fu_6715_p2               |         +|   0|  0|  38|          31|          31|
    |s1_5_fu_6895_p2               |         +|   0|  0|  38|          31|          31|
    |s1_6_fu_7075_p2               |         +|   0|  0|  38|          31|          31|
    |s1_7_fu_7255_p2               |         +|   0|  0|  38|          31|          31|
    |s1_8_fu_7435_p2               |         +|   0|  0|  38|          31|          31|
    |s1_9_fu_7615_p2               |         +|   0|  0|  38|          31|          31|
    |s1_fu_6535_p2                 |         +|   0|  0|  38|          31|          31|
    |s3_10_fu_8373_p2              |         +|   0|  0|  28|          21|          21|
    |s3_4_fu_7965_p2               |         +|   0|  0|  28|          21|          21|
    |s3_5_fu_8033_p2               |         +|   0|  0|  28|          21|          21|
    |s3_6_fu_8101_p2               |         +|   0|  0|  28|          21|          21|
    |s3_7_fu_8169_p2               |         +|   0|  0|  28|          21|          21|
    |s3_8_fu_8237_p2               |         +|   0|  0|  28|          21|          21|
    |s3_9_fu_8305_p2               |         +|   0|  0|  28|          21|          21|
    |s3_fu_7897_p2                 |         +|   0|  0|  28|          21|          21|
    |s4_10_fu_8393_p2              |         +|   0|  0|   7|           6|           6|
    |s4_4_fu_7985_p2               |         +|   0|  0|   7|           6|           6|
    |s4_5_fu_8053_p2               |         +|   0|  0|   7|           6|           6|
    |s4_6_fu_8121_p2               |         +|   0|  0|   7|           6|           6|
    |s4_7_fu_8189_p2               |         +|   0|  0|   7|           6|           6|
    |s4_8_fu_8257_p2               |         +|   0|  0|   7|           6|           6|
    |s4_9_fu_8325_p2               |         +|   0|  0|   7|           6|           6|
    |s4_fu_7917_p2                 |         +|   0|  0|   7|           6|           6|
    |ap_condition_889              |       and|   0|  0|   2|           1|           1|
    |ap_predicate_pred1021_state5  |       and|   0|  0|   2|           1|           1|
    |ap_block_pp0_stage0_11001     |        or|   0|  0|   2|           1|           1|
    |ap_enable_pp0                 |       xor|   0|  0|   2|           1|           2|
    |xnr_10_fu_5707_p2             |       xor|   0|  0|  32|          32|          32|
    |xnr_4_fu_1415_p2              |       xor|   0|  0|  32|          32|          32|
    |xnr_5_fu_2137_p2              |       xor|   0|  0|  32|          32|          32|
    |xnr_6_fu_2859_p2              |       xor|   0|  0|  32|          32|          32|
    |xnr_7_fu_3571_p2              |       xor|   0|  0|  32|          32|          32|
    |xnr_8_fu_4283_p2              |       xor|   0|  0|  32|          32|          32|
    |xnr_9_fu_4995_p2              |       xor|   0|  0|  32|          32|          32|
    |xnr_fu_693_p2                 |       xor|   0|  0|  32|          32|          32|
    |xor_ln18_11_fu_2845_p2        |       xor|   0|  0|  32|          32|           2|
    |xor_ln18_12_fu_1406_p2        |       xor|   0|  0|  31|          31|          31|
    |xor_ln18_14_fu_2128_p2        |       xor|   0|  0|  31|          31|          31|
    |xor_ln18_16_fu_2850_p2        |       xor|   0|  0|  31|          31|          31|
    |xor_ln18_7_fu_1401_p2         |       xor|   0|  0|  32|          32|           2|
    |xor_ln18_8_fu_684_p2          |       xor|   0|  0|  31|          31|          31|
    |xor_ln18_9_fu_2123_p2         |       xor|   0|  0|  32|          32|           2|
    |xor_ln18_fu_679_p2            |       xor|   0|  0|  32|          32|           2|
    |xor_ln46_2_fu_1421_p2         |       xor|   0|  0|  31|          31|          31|
    |xor_ln46_3_fu_2143_p2         |       xor|   0|  0|  31|          31|          31|
    |xor_ln46_4_fu_2865_p2         |       xor|   0|  0|  31|          31|          31|
    |xor_ln46_5_fu_3577_p2         |       xor|   0|  0|  31|          31|          31|
    |xor_ln46_6_fu_4289_p2         |       xor|   0|  0|  31|          31|          31|
    |xor_ln46_7_fu_5001_p2         |       xor|   0|  0|  31|          31|          31|
    |xor_ln46_8_fu_5713_p2         |       xor|   0|  0|  31|          31|          31|
    |xor_ln46_fu_699_p2            |       xor|   0|  0|  31|          31|          31|
    +------------------------------+----------+----+---+----+------------+------------+
    |Total                         |          |   0|  0|2874|        2519|        2393|
    +------------------------------+----------+----+---+----+------------+------------+

    * Multiplexer: 
    +----------------------------------+----+-----------+-----+-----------+
    |               Name               | LUT| Input Size| Bits| Total Bits|
    +----------------------------------+----+-----------+-----+-----------+
    |ap_done_int                       |   9|          2|    1|          2|
    |ap_loop_exit_ready_pp0_iter4_reg  |   9|          2|    1|          2|
    |ap_return_0                       |   9|          2|    9|         18|
    |ap_return_1                       |   9|          2|    9|         18|
    |ap_return_10                      |   9|          2|    9|         18|
    |ap_return_11                      |   9|          2|    9|         18|
    |ap_return_12                      |   9|          2|    9|         18|
    |ap_return_13                      |   9|          2|    9|         18|
    |ap_return_14                      |   9|          2|    9|         18|
    |ap_return_15                      |   9|          2|    9|         18|
    |ap_return_16                      |   9|          2|    9|         18|
    |ap_return_17                      |   9|          2|    9|         18|
    |ap_return_18                      |   9|          2|    9|         18|
    |ap_return_19                      |   9|          2|    9|         18|
    |ap_return_2                       |   9|          2|    9|         18|
    |ap_return_20                      |   9|          2|    9|         18|
    |ap_return_21                      |   9|          2|    9|         18|
    |ap_return_22                      |   9|          2|    9|         18|
    |ap_return_23                      |   9|          2|    9|         18|
    |ap_return_24                      |   9|          2|    9|         18|
    |ap_return_25                      |   9|          2|    9|         18|
    |ap_return_26                      |   9|          2|    9|         18|
    |ap_return_27                      |   9|          2|    9|         18|
    |ap_return_28                      |   9|          2|    9|         18|
    |ap_return_29                      |   9|          2|    9|         18|
    |ap_return_3                       |   9|          2|    9|         18|
    |ap_return_30                      |   9|          2|    9|         18|
    |ap_return_31                      |   9|          2|    9|         18|
    |ap_return_32                      |   9|          2|    9|         18|
    |ap_return_33                      |   9|          2|    9|         18|
    |ap_return_34                      |   9|          2|    9|         18|
    |ap_return_35                      |   9|          2|    9|         18|
    |ap_return_36                      |   9|          2|    9|         18|
    |ap_return_37                      |   9|          2|    9|         18|
    |ap_return_38                      |   9|          2|    9|         18|
    |ap_return_39                      |   9|          2|    9|         18|
    |ap_return_4                       |   9|          2|    9|         18|
    |ap_return_40                      |   9|          2|    9|         18|
    |ap_return_41                      |   9|          2|    9|         18|
    |ap_return_42                      |   9|          2|    9|         18|
    |ap_return_43                      |   9|          2|    9|         18|
    |ap_return_44                      |   9|          2|    9|         18|
    |ap_return_45                      |   9|          2|    9|         18|
    |ap_return_46                      |   9|          2|    9|         18|
    |ap_return_47                      |   9|          2|    9|         18|
    |ap_return_48                      |   9|          2|    9|         18|
    |ap_return_49                      |   9|          2|    9|         18|
    |ap_return_5                       |   9|          2|    9|         18|
    |ap_return_50                      |   9|          2|    9|         18|
    |ap_return_51                      |   9|          2|    9|         18|
    |ap_return_52                      |   9|          2|    9|         18|
    |ap_return_53                      |   9|          2|    9|         18|
    |ap_return_54                      |   9|          2|    9|         18|
    |ap_return_55                      |   9|          2|    9|         18|
    |ap_return_56                      |   9|          2|    9|         18|
    |ap_return_57                      |   9|          2|    9|         18|
    |ap_return_58                      |   9|          2|    9|         18|
    |ap_return_59                      |   9|          2|    9|         18|
    |ap_return_6                       |   9|          2|    9|         18|
    |ap_return_60                      |   9|          2|    9|         18|
    |ap_return_61                      |   9|          2|    9|         18|
    |ap_return_62                      |   9|          2|    9|         18|
    |ap_return_63                      |   9|          2|    9|         18|
    |ap_return_7                       |   9|          2|    9|         18|
    |ap_return_8                       |   9|          2|    9|         18|
    |ap_return_9                       |   9|          2|    9|         18|
    |ap_sig_allocacmp_n45_load         |   9|          2|    7|         14|
    |ap_sig_allocacmp_output_14_load   |   9|          2|    9|         18|
    |ap_sig_allocacmp_output_15_load   |   9|          2|    9|         18|
    |ap_sig_allocacmp_output_16_load   |   9|          2|    9|         18|
    |ap_sig_allocacmp_output_17_load   |   9|          2|    9|         18|
    |ap_sig_allocacmp_output_18_load   |   9|          2|    9|         18|
    |ap_sig_allocacmp_output_19_load   |   9|          2|    9|         18|
    |ap_sig_allocacmp_output_20_load   |   9|          2|    9|         18|
    |ap_sig_allocacmp_output_21_load   |   9|          2|    9|         18|
    |ap_sig_allocacmp_output_22_load   |   9|          2|    9|         18|
    |ap_sig_allocacmp_output_23_load   |   9|          2|    9|         18|
    |ap_sig_allocacmp_output_24_load   |   9|          2|    9|         18|
    |ap_sig_allocacmp_output_25_load   |   9|          2|    9|         18|
    |ap_sig_allocacmp_output_26_load   |   9|          2|    9|         18|
    |ap_sig_allocacmp_output_27_load   |   9|          2|    9|         18|
    |ap_sig_allocacmp_output_28_load   |   9|          2|    9|         18|
    |ap_sig_allocacmp_output_29_load   |   9|          2|    9|         18|
    |ap_sig_allocacmp_output_30_load   |   9|          2|    9|         18|
    |ap_sig_allocacmp_output_31_load   |   9|          2|    9|         18|
    |ap_sig_allocacmp_output_32_load   |   9|          2|    9|         18|
    |ap_sig_allocacmp_output_33_load   |   9|          2|    9|         18|
    |ap_sig_allocacmp_output_34_load   |   9|          2|    9|         18|
    |ap_sig_allocacmp_output_35_load   |   9|          2|    9|         18|
    |ap_sig_allocacmp_output_36_load   |   9|          2|    9|         18|
    |ap_sig_allocacmp_output_37_load   |   9|          2|    9|         18|
    |ap_sig_allocacmp_output_38_load   |   9|          2|    9|         18|
    |ap_sig_allocacmp_output_39_load   |   9|          2|    9|         18|
    |ap_sig_allocacmp_output_40_load   |   9|          2|    9|         18|
    |ap_sig_allocacmp_output_41_load   |   9|          2|    9|         18|
    |ap_sig_allocacmp_output_42_load   |   9|          2|    9|         18|
    |ap_sig_allocacmp_output_43_load   |   9|          2|    9|         18|
    |ap_sig_allocacmp_output_44_load   |   9|          2|    9|         18|
    |ap_sig_allocacmp_output_45_load   |   9|          2|    9|         18|
    |ap_sig_allocacmp_output_46_load   |   9|          2|    9|         18|
    |ap_sig_allocacmp_output_47_load   |   9|          2|    9|         18|
    |ap_sig_allocacmp_output_48_load   |   9|          2|    9|         18|
    |ap_sig_allocacmp_output_49_load   |   9|          2|    9|         18|
    |ap_sig_allocacmp_output_50_load   |   9|          2|    9|         18|
    |ap_sig_allocacmp_output_51_load   |   9|          2|    9|         18|
    |ap_sig_allocacmp_output_52_load   |   9|          2|    9|         18|
    |ap_sig_allocacmp_output_53_load   |   9|          2|    9|         18|
    |ap_sig_allocacmp_output_54_load   |   9|          2|    9|         18|
    |ap_sig_allocacmp_output_55_load   |   9|          2|    9|         18|
    |ap_sig_allocacmp_output_56_load   |   9|          2|    9|         18|
    |ap_sig_allocacmp_output_57_load   |   9|          2|    9|         18|
    |ap_sig_allocacmp_output_58_load   |   9|          2|    9|         18|
    |ap_sig_allocacmp_output_59_load   |   9|          2|    9|         18|
    |ap_sig_allocacmp_output_60_load   |   9|          2|    9|         18|
    |ap_sig_allocacmp_output_61_load   |   9|          2|    9|         18|
    |ap_sig_allocacmp_output_62_load   |   9|          2|    9|         18|
    |ap_sig_allocacmp_output_63_load   |   9|          2|    9|         18|
    |ap_sig_allocacmp_output_64_load   |   9|          2|    9|         18|
    |ap_sig_allocacmp_output_65_load   |   9|          2|    9|         18|
    |ap_sig_allocacmp_output_66_load   |   9|          2|    9|         18|
    |ap_sig_allocacmp_output_67_load   |   9|          2|    9|         18|
    |ap_sig_allocacmp_output_68_load   |   9|          2|    9|         18|
    |ap_sig_allocacmp_output_69_load   |   9|          2|    9|         18|
    |ap_sig_allocacmp_output_70_load   |   9|          2|    9|         18|
    |ap_sig_allocacmp_output_71_load   |   9|          2|    9|         18|
    |ap_sig_allocacmp_output_72_load   |   9|          2|    9|         18|
    |ap_sig_allocacmp_output_73_load   |   9|          2|    9|         18|
    |ap_sig_allocacmp_output_74_load   |   9|          2|    9|         18|
    |ap_sig_allocacmp_output_75_load   |   9|          2|    9|         18|
    |ap_sig_allocacmp_output_76_load   |   9|          2|    9|         18|
    |ap_sig_allocacmp_output_load      |   9|          2|    9|         18|
    |n45_fu_214                        |   9|          2|    7|         14|
    +----------------------------------+----+-----------+-----+-----------+
    |Total                             |1188|        264| 1168|       2336|
    +----------------------------------+----+-----------+-----+-----------+

    * Register: 
    +----------------------------------+----+----+-----+-----------+
    |               Name               | FF | LUT| Bits| Const Bits|
    +----------------------------------+----+----+-----+-----------+
    |ap_CS_fsm                         |   1|   0|    1|          0|
    |ap_done_reg                       |   1|   0|    1|          0|
    |ap_enable_reg_pp0_iter1           |   1|   0|    1|          0|
    |ap_enable_reg_pp0_iter2           |   1|   0|    1|          0|
    |ap_enable_reg_pp0_iter3           |   1|   0|    1|          0|
    |ap_enable_reg_pp0_iter4           |   1|   0|    1|          0|
    |ap_loop_exit_ready_pp0_iter1_reg  |   1|   0|    1|          0|
    |ap_loop_exit_ready_pp0_iter2_reg  |   1|   0|    1|          0|
    |ap_loop_exit_ready_pp0_iter3_reg  |   1|   0|    1|          0|
    |ap_loop_exit_ready_pp0_iter4_reg  |   1|   0|    1|          0|
    |ap_predicate_pred1003_state5      |   1|   0|    1|          0|
    |ap_predicate_pred1007_state5      |   1|   0|    1|          0|
    |ap_predicate_pred1011_state5      |   1|   0|    1|          0|
    |ap_predicate_pred1015_state5      |   1|   0|    1|          0|
    |ap_predicate_pred1019_state5      |   1|   0|    1|          0|
    |ap_predicate_pred1021_state5      |   1|   0|    1|          0|
    |ap_predicate_pred900_state5       |   1|   0|    1|          0|
    |ap_predicate_pred903_state5       |   1|   0|    1|          0|
    |ap_predicate_pred907_state5       |   1|   0|    1|          0|
    |ap_predicate_pred911_state5       |   1|   0|    1|          0|
    |ap_predicate_pred915_state5       |   1|   0|    1|          0|
    |ap_predicate_pred919_state5       |   1|   0|    1|          0|
    |ap_predicate_pred923_state5       |   1|   0|    1|          0|
    |ap_predicate_pred927_state5       |   1|   0|    1|          0|
    |ap_predicate_pred931_state5       |   1|   0|    1|          0|
    |ap_predicate_pred935_state5       |   1|   0|    1|          0|
    |ap_predicate_pred939_state5       |   1|   0|    1|          0|
    |ap_predicate_pred943_state5       |   1|   0|    1|          0|
    |ap_predicate_pred947_state5       |   1|   0|    1|          0|
    |ap_predicate_pred951_state5       |   1|   0|    1|          0|
    |ap_predicate_pred955_state5       |   1|   0|    1|          0|
    |ap_predicate_pred959_state5       |   1|   0|    1|          0|
    |ap_predicate_pred963_state5       |   1|   0|    1|          0|
    |ap_predicate_pred967_state5       |   1|   0|    1|          0|
    |ap_predicate_pred971_state5       |   1|   0|    1|          0|
    |ap_predicate_pred975_state5       |   1|   0|    1|          0|
    |ap_predicate_pred979_state5       |   1|   0|    1|          0|
    |ap_predicate_pred983_state5       |   1|   0|    1|          0|
    |ap_predicate_pred987_state5       |   1|   0|    1|          0|
    |ap_predicate_pred991_state5       |   1|   0|    1|          0|
    |ap_predicate_pred995_state5       |   1|   0|    1|          0|
    |ap_predicate_pred999_state5       |   1|   0|    1|          0|
    |ap_return_0_preg                  |   9|   0|   10|          1|
    |ap_return_10_preg                 |   9|   0|   10|          1|
    |ap_return_11_preg                 |   9|   0|   10|          1|
    |ap_return_12_preg                 |   9|   0|   10|          1|
    |ap_return_13_preg                 |   9|   0|   10|          1|
    |ap_return_14_preg                 |   9|   0|   10|          1|
    |ap_return_15_preg                 |   9|   0|   10|          1|
    |ap_return_16_preg                 |   9|   0|   10|          1|
    |ap_return_17_preg                 |   9|   0|   10|          1|
    |ap_return_18_preg                 |   9|   0|   10|          1|
    |ap_return_19_preg                 |   9|   0|   10|          1|
    |ap_return_1_preg                  |   9|   0|   10|          1|
    |ap_return_20_preg                 |   9|   0|   10|          1|
    |ap_return_21_preg                 |   9|   0|   10|          1|
    |ap_return_22_preg                 |   9|   0|   10|          1|
    |ap_return_23_preg                 |   9|   0|   10|          1|
    |ap_return_24_preg                 |   9|   0|   10|          1|
    |ap_return_25_preg                 |   9|   0|   10|          1|
    |ap_return_26_preg                 |   9|   0|   10|          1|
    |ap_return_27_preg                 |   9|   0|   10|          1|
    |ap_return_28_preg                 |   9|   0|   10|          1|
    |ap_return_29_preg                 |   9|   0|   10|          1|
    |ap_return_2_preg                  |   9|   0|   10|          1|
    |ap_return_30_preg                 |   9|   0|   10|          1|
    |ap_return_31_preg                 |   9|   0|   10|          1|
    |ap_return_32_preg                 |   9|   0|   10|          1|
    |ap_return_33_preg                 |   9|   0|   10|          1|
    |ap_return_34_preg                 |   9|   0|   10|          1|
    |ap_return_35_preg                 |   9|   0|   10|          1|
    |ap_return_36_preg                 |   9|   0|   10|          1|
    |ap_return_37_preg                 |   9|   0|   10|          1|
    |ap_return_38_preg                 |   9|   0|   10|          1|
    |ap_return_39_preg                 |   9|   0|   10|          1|
    |ap_return_3_preg                  |   9|   0|   10|          1|
    |ap_return_40_preg                 |   9|   0|   10|          1|
    |ap_return_41_preg                 |   9|   0|   10|          1|
    |ap_return_42_preg                 |   9|   0|   10|          1|
    |ap_return_43_preg                 |   9|   0|   10|          1|
    |ap_return_44_preg                 |   9|   0|   10|          1|
    |ap_return_45_preg                 |   9|   0|   10|          1|
    |ap_return_46_preg                 |   9|   0|   10|          1|
    |ap_return_47_preg                 |   9|   0|   10|          1|
    |ap_return_48_preg                 |   9|   0|   10|          1|
    |ap_return_49_preg                 |   9|   0|   10|          1|
    |ap_return_4_preg                  |   9|   0|   10|          1|
    |ap_return_50_preg                 |   9|   0|   10|          1|
    |ap_return_51_preg                 |   9|   0|   10|          1|
    |ap_return_52_preg                 |   9|   0|   10|          1|
    |ap_return_53_preg                 |   9|   0|   10|          1|
    |ap_return_54_preg                 |   9|   0|   10|          1|
    |ap_return_55_preg                 |   9|   0|   10|          1|
    |ap_return_56_preg                 |   9|   0|   10|          1|
    |ap_return_57_preg                 |   9|   0|   10|          1|
    |ap_return_58_preg                 |   9|   0|   10|          1|
    |ap_return_59_preg                 |   9|   0|   10|          1|
    |ap_return_5_preg                  |   9|   0|   10|          1|
    |ap_return_60_preg                 |   9|   0|   10|          1|
    |ap_return_61_preg                 |   9|   0|   10|          1|
    |ap_return_62_preg                 |   9|   0|   10|          1|
    |ap_return_63_preg                 |   9|   0|   10|          1|
    |ap_return_6_preg                  |   9|   0|   10|          1|
    |ap_return_7_preg                  |   9|   0|   10|          1|
    |ap_return_8_preg                  |   9|   0|   10|          1|
    |ap_return_9_preg                  |   9|   0|   10|          1|
    |n45_fu_214                        |   7|   0|    7|          0|
    |output_14_fu_466                  |   9|   0|   10|          1|
    |output_15_fu_462                  |   9|   0|   10|          1|
    |output_16_fu_458                  |   9|   0|   10|          1|
    |output_17_fu_454                  |   9|   0|   10|          1|
    |output_18_fu_450                  |   9|   0|   10|          1|
    |output_19_fu_446                  |   9|   0|   10|          1|
    |output_20_fu_442                  |   9|   0|   10|          1|
    |output_21_fu_438                  |   9|   0|   10|          1|
    |output_22_fu_434                  |   9|   0|   10|          1|
    |output_23_fu_430                  |   9|   0|   10|          1|
    |output_24_fu_426                  |   9|   0|   10|          1|
    |output_25_fu_422                  |   9|   0|   10|          1|
    |output_26_fu_418                  |   9|   0|   10|          1|
    |output_27_fu_414                  |   9|   0|   10|          1|
    |output_28_fu_410                  |   9|   0|   10|          1|
    |output_29_fu_406                  |   9|   0|   10|          1|
    |output_30_fu_402                  |   9|   0|   10|          1|
    |output_31_fu_398                  |   9|   0|   10|          1|
    |output_32_fu_394                  |   9|   0|   10|          1|
    |output_33_fu_390                  |   9|   0|   10|          1|
    |output_34_fu_386                  |   9|   0|   10|          1|
    |output_35_fu_382                  |   9|   0|   10|          1|
    |output_36_fu_378                  |   9|   0|   10|          1|
    |output_37_fu_374                  |   9|   0|   10|          1|
    |output_38_fu_370                  |   9|   0|   10|          1|
    |output_39_fu_366                  |   9|   0|   10|          1|
    |output_40_fu_362                  |   9|   0|   10|          1|
    |output_41_fu_358                  |   9|   0|   10|          1|
    |output_42_fu_354                  |   9|   0|   10|          1|
    |output_43_fu_350                  |   9|   0|   10|          1|
    |output_44_fu_346                  |   9|   0|   10|          1|
    |output_45_fu_342                  |   9|   0|   10|          1|
    |output_46_fu_338                  |   9|   0|   10|          1|
    |output_47_fu_334                  |   9|   0|   10|          1|
    |output_48_fu_330                  |   9|   0|   10|          1|
    |output_49_fu_326                  |   9|   0|   10|          1|
    |output_50_fu_322                  |   9|   0|   10|          1|
    |output_51_fu_318                  |   9|   0|   10|          1|
    |output_52_fu_314                  |   9|   0|   10|          1|
    |output_53_fu_310                  |   9|   0|   10|          1|
    |output_54_fu_306                  |   9|   0|   10|          1|
    |output_55_fu_302                  |   9|   0|   10|          1|
    |output_56_fu_298                  |   9|   0|   10|          1|
    |output_57_fu_294                  |   9|   0|   10|          1|
    |output_58_fu_290                  |   9|   0|   10|          1|
    |output_59_fu_286                  |   9|   0|   10|          1|
    |output_60_fu_282                  |   9|   0|   10|          1|
    |output_61_fu_278                  |   9|   0|   10|          1|
    |output_62_fu_274                  |   9|   0|   10|          1|
    |output_63_fu_270                  |   9|   0|   10|          1|
    |output_64_fu_266                  |   9|   0|   10|          1|
    |output_65_fu_262                  |   9|   0|   10|          1|
    |output_66_fu_258                  |   9|   0|   10|          1|
    |output_67_fu_254                  |   9|   0|   10|          1|
    |output_68_fu_250                  |   9|   0|   10|          1|
    |output_69_fu_246                  |   9|   0|   10|          1|
    |output_70_fu_242                  |   9|   0|   10|          1|
    |output_71_fu_238                  |   9|   0|   10|          1|
    |output_72_fu_234                  |   9|   0|   10|          1|
    |output_73_fu_230                  |   9|   0|   10|          1|
    |output_74_fu_226                  |   9|   0|   10|          1|
    |output_75_fu_222                  |   9|   0|   10|          1|
    |output_76_fu_218                  |   9|   0|   10|          1|
    |output_fu_470                     |   9|   0|   10|          1|
    |p_read246_reg_9429                |  32|   0|   32|          0|
    |p_read_179_reg_9414               |  32|   0|   32|          0|
    |p_read_180_reg_9419               |  32|   0|   32|          0|
    |p_read_181_reg_9424               |  32|   0|   32|          0|
    |s4_10_reg_10865                   |   6|   0|    6|          0|
    |s4_4_reg_10835                    |   6|   0|    6|          0|
    |s4_5_reg_10840                    |   6|   0|    6|          0|
    |s4_6_reg_10845                    |   6|   0|    6|          0|
    |s4_7_reg_10850                    |   6|   0|    6|          0|
    |s4_8_reg_10855                    |   6|   0|    6|          0|
    |s4_9_reg_10860                    |   6|   0|    6|          0|
    |s4_reg_10830                      |   6|   0|    6|          0|
    |tmp_214_reg_9891                  |   2|   0|    2|          0|
    |tmp_215_reg_9897                  |   2|   0|    2|          0|
    |tmp_216_reg_9903                  |   2|   0|    2|          0|
    |tmp_217_reg_9909                  |   2|   0|    2|          0|
    |tmp_218_reg_9915                  |   2|   0|    2|          0|
    |tmp_219_reg_9921                  |   2|   0|    2|          0|
    |tmp_220_reg_9933                  |   2|   0|    2|          0|
    |tmp_221_reg_9938                  |   2|   0|    2|          0|
    |tmp_222_reg_9944                  |   2|   0|    2|          0|
    |tmp_223_reg_9950                  |   2|   0|    2|          0|
    |tmp_224_reg_9956                  |   2|   0|    2|          0|
    |tmp_225_reg_9962                  |   2|   0|    2|          0|
    |tmp_226_reg_9968                  |   2|   0|    2|          0|
    |tmp_227_reg_9974                  |   2|   0|    2|          0|
    |tmp_229_reg_10638                 |   4|   0|    4|          0|
    |tmp_230_reg_10644                 |   4|   0|    4|          0|
    |tmp_231_reg_10657                 |   4|   0|    4|          0|
    |tmp_264_reg_9980                  |   2|   0|    2|          0|
    |tmp_265_reg_9985                  |   2|   0|    2|          0|
    |tmp_266_reg_9991                  |   2|   0|    2|          0|
    |tmp_267_reg_9997                  |   2|   0|    2|          0|
    |tmp_268_reg_10003                 |   2|   0|    2|          0|
    |tmp_269_reg_10009                 |   2|   0|    2|          0|
    |tmp_270_reg_10015                 |   2|   0|    2|          0|
    |tmp_271_reg_10027                 |   2|   0|    2|          0|
    |tmp_272_reg_10032                 |   2|   0|    2|          0|
    |tmp_273_reg_10038                 |   2|   0|    2|          0|
    |tmp_274_reg_10044                 |   2|   0|    2|          0|
    |tmp_275_reg_10050                 |   2|   0|    2|          0|
    |tmp_276_reg_10056                 |   2|   0|    2|          0|
    |tmp_277_reg_10062                 |   2|   0|    2|          0|
    |tmp_278_reg_10068                 |   2|   0|    2|          0|
    |tmp_280_reg_10662                 |   4|   0|    4|          0|
    |tmp_281_reg_10668                 |   4|   0|    4|          0|
    |tmp_282_reg_10681                 |   4|   0|    4|          0|
    |tmp_315_reg_10074                 |   2|   0|    2|          0|
    |tmp_316_reg_10079                 |   2|   0|    2|          0|
    |tmp_317_reg_10085                 |   2|   0|    2|          0|
    |tmp_318_reg_10091                 |   2|   0|    2|          0|
    |tmp_319_reg_10097                 |   2|   0|    2|          0|
    |tmp_320_reg_10103                 |   2|   0|    2|          0|
    |tmp_321_reg_10109                 |   2|   0|    2|          0|
    |tmp_322_reg_10121                 |   2|   0|    2|          0|
    |tmp_323_reg_10126                 |   2|   0|    2|          0|
    |tmp_324_reg_10132                 |   2|   0|    2|          0|
    |tmp_325_reg_10138                 |   2|   0|    2|          0|
    |tmp_326_reg_10144                 |   2|   0|    2|          0|
    |tmp_327_reg_10150                 |   2|   0|    2|          0|
    |tmp_328_reg_10156                 |   2|   0|    2|          0|
    |tmp_329_reg_10162                 |   2|   0|    2|          0|
    |tmp_331_reg_10686                 |   4|   0|    4|          0|
    |tmp_332_reg_10692                 |   4|   0|    4|          0|
    |tmp_333_reg_10705                 |   4|   0|    4|          0|
    |tmp_366_reg_10168                 |   2|   0|    2|          0|
    |tmp_367_reg_10173                 |   2|   0|    2|          0|
    |tmp_368_reg_10179                 |   2|   0|    2|          0|
    |tmp_369_reg_10185                 |   2|   0|    2|          0|
    |tmp_370_reg_10191                 |   2|   0|    2|          0|
    |tmp_371_reg_10197                 |   2|   0|    2|          0|
    |tmp_372_reg_10203                 |   2|   0|    2|          0|
    |tmp_373_reg_10215                 |   2|   0|    2|          0|
    |tmp_374_reg_10220                 |   2|   0|    2|          0|
    |tmp_375_reg_10226                 |   2|   0|    2|          0|
    |tmp_376_reg_10232                 |   2|   0|    2|          0|
    |tmp_377_reg_10238                 |   2|   0|    2|          0|
    |tmp_378_reg_10244                 |   2|   0|    2|          0|
    |tmp_379_reg_10250                 |   2|   0|    2|          0|
    |tmp_380_reg_10256                 |   2|   0|    2|          0|
    |tmp_382_reg_10710                 |   4|   0|    4|          0|
    |tmp_383_reg_10716                 |   4|   0|    4|          0|
    |tmp_384_reg_10729                 |   4|   0|    4|          0|
    |tmp_418_reg_10262                 |   2|   0|    2|          0|
    |tmp_419_reg_10267                 |   2|   0|    2|          0|
    |tmp_420_reg_10273                 |   2|   0|    2|          0|
    |tmp_421_reg_10279                 |   2|   0|    2|          0|
    |tmp_422_reg_10285                 |   2|   0|    2|          0|
    |tmp_423_reg_10291                 |   2|   0|    2|          0|
    |tmp_424_reg_10297                 |   2|   0|    2|          0|
    |tmp_425_reg_10309                 |   2|   0|    2|          0|
    |tmp_426_reg_10314                 |   2|   0|    2|          0|
    |tmp_427_reg_10320                 |   2|   0|    2|          0|
    |tmp_428_reg_10326                 |   2|   0|    2|          0|
    |tmp_429_reg_10332                 |   2|   0|    2|          0|
    |tmp_430_reg_10338                 |   2|   0|    2|          0|
    |tmp_431_reg_10344                 |   2|   0|    2|          0|
    |tmp_432_reg_10350                 |   2|   0|    2|          0|
    |tmp_434_reg_10734                 |   4|   0|    4|          0|
    |tmp_435_reg_10740                 |   4|   0|    4|          0|
    |tmp_436_reg_10753                 |   4|   0|    4|          0|
    |tmp_469_reg_10356                 |   2|   0|    2|          0|
    |tmp_470_reg_10361                 |   2|   0|    2|          0|
    |tmp_471_reg_10367                 |   2|   0|    2|          0|
    |tmp_472_reg_10373                 |   2|   0|    2|          0|
    |tmp_473_reg_10379                 |   2|   0|    2|          0|
    |tmp_474_reg_10385                 |   2|   0|    2|          0|
    |tmp_475_reg_10391                 |   2|   0|    2|          0|
    |tmp_476_reg_10403                 |   2|   0|    2|          0|
    |tmp_477_reg_10408                 |   2|   0|    2|          0|
    |tmp_478_reg_10414                 |   2|   0|    2|          0|
    |tmp_479_reg_10420                 |   2|   0|    2|          0|
    |tmp_480_reg_10426                 |   2|   0|    2|          0|
    |tmp_481_reg_10432                 |   2|   0|    2|          0|
    |tmp_482_reg_10438                 |   2|   0|    2|          0|
    |tmp_483_reg_10444                 |   2|   0|    2|          0|
    |tmp_485_reg_10758                 |   4|   0|    4|          0|
    |tmp_486_reg_10764                 |   4|   0|    4|          0|
    |tmp_487_reg_10777                 |   4|   0|    4|          0|
    |tmp_520_reg_10450                 |   2|   0|    2|          0|
    |tmp_521_reg_10455                 |   2|   0|    2|          0|
    |tmp_522_reg_10461                 |   2|   0|    2|          0|
    |tmp_523_reg_10467                 |   2|   0|    2|          0|
    |tmp_524_reg_10473                 |   2|   0|    2|          0|
    |tmp_525_reg_10479                 |   2|   0|    2|          0|
    |tmp_526_reg_10485                 |   2|   0|    2|          0|
    |tmp_527_reg_10497                 |   2|   0|    2|          0|
    |tmp_528_reg_10502                 |   2|   0|    2|          0|
    |tmp_529_reg_10508                 |   2|   0|    2|          0|
    |tmp_530_reg_10514                 |   2|   0|    2|          0|
    |tmp_531_reg_10520                 |   2|   0|    2|          0|
    |tmp_532_reg_10526                 |   2|   0|    2|          0|
    |tmp_533_reg_10532                 |   2|   0|    2|          0|
    |tmp_534_reg_10538                 |   2|   0|    2|          0|
    |tmp_536_reg_10782                 |   4|   0|    4|          0|
    |tmp_537_reg_10788                 |   4|   0|    4|          0|
    |tmp_538_reg_10801                 |   4|   0|    4|          0|
    |tmp_571_reg_10544                 |   2|   0|    2|          0|
    |tmp_572_reg_10549                 |   2|   0|    2|          0|
    |tmp_573_reg_10555                 |   2|   0|    2|          0|
    |tmp_574_reg_10561                 |   2|   0|    2|          0|
    |tmp_575_reg_10567                 |   2|   0|    2|          0|
    |tmp_576_reg_10573                 |   2|   0|    2|          0|
    |tmp_577_reg_10579                 |   2|   0|    2|          0|
    |tmp_578_reg_10591                 |   2|   0|    2|          0|
    |tmp_579_reg_10596                 |   2|   0|    2|          0|
    |tmp_580_reg_10602                 |   2|   0|    2|          0|
    |tmp_581_reg_10608                 |   2|   0|    2|          0|
    |tmp_582_reg_10614                 |   2|   0|    2|          0|
    |tmp_583_reg_10620                 |   2|   0|    2|          0|
    |tmp_584_reg_10626                 |   2|   0|    2|          0|
    |tmp_585_reg_10632                 |   2|   0|    2|          0|
    |tmp_587_reg_10806                 |   4|   0|    4|          0|
    |tmp_588_reg_10812                 |   4|   0|    4|          0|
    |tmp_589_reg_10825                 |   4|   0|    4|          0|
    |tmp_s_reg_9886                    |   2|   0|    2|          0|
    |trunc_ln10_2_reg_10675            |   4|   0|    4|          0|
    |trunc_ln10_3_reg_10699            |   4|   0|    4|          0|
    |trunc_ln10_4_reg_10723            |   4|   0|    4|          0|
    |trunc_ln10_5_reg_10747            |   4|   0|    4|          0|
    |trunc_ln10_6_reg_10771            |   4|   0|    4|          0|
    |trunc_ln10_7_reg_10795            |   4|   0|    4|          0|
    |trunc_ln10_8_reg_10819            |   4|   0|    4|          0|
    |trunc_ln10_reg_10651              |   4|   0|    4|          0|
    |trunc_ln18_6_reg_9823             |  31|   0|   31|          0|
    |trunc_ln18_7_reg_9828             |  31|   0|   31|          0|
    |trunc_ln18_8_reg_9833             |  31|   0|   31|          0|
    |trunc_ln18_reg_9818               |  31|   0|   31|          0|
    |trunc_ln34_reg_9838               |   6|   0|    6|          0|
    |trunc_ln9_10_reg_10585            |   2|   0|    2|          0|
    |trunc_ln9_4_reg_10021             |   2|   0|    2|          0|
    |trunc_ln9_5_reg_10115             |   2|   0|    2|          0|
    |trunc_ln9_6_reg_10209             |   2|   0|    2|          0|
    |trunc_ln9_7_reg_10303             |   2|   0|    2|          0|
    |trunc_ln9_8_reg_10397             |   2|   0|    2|          0|
    |trunc_ln9_9_reg_10491             |   2|   0|    2|          0|
    |trunc_ln9_reg_9927                |   2|   0|    2|          0|
    |trunc_ln34_reg_9838               |  64|  32|    6|          0|
    +----------------------------------+----+----+-----+-----------+
    |Total                             |1955|  32| 2025|        128|
    +----------------------------------+----+----+-----+-----------+



================================================================
== Interface
================================================================
* Summary: 
+--------------+-----+-----+------------+---------------+--------------+
|   RTL Ports  | Dir | Bits|  Protocol  | Source Object |    C Type    |
+--------------+-----+-----+------------+---------------+--------------+
|ap_clk        |   in|    1|  ap_ctrl_hs|  dense_layer.1|  return value|
|ap_rst        |   in|    1|  ap_ctrl_hs|  dense_layer.1|  return value|
|ap_start      |   in|    1|  ap_ctrl_hs|  dense_layer.1|  return value|
|ap_done       |  out|    1|  ap_ctrl_hs|  dense_layer.1|  return value|
|ap_continue   |   in|    1|  ap_ctrl_hs|  dense_layer.1|  return value|
|ap_idle       |  out|    1|  ap_ctrl_hs|  dense_layer.1|  return value|
|ap_ready      |  out|    1|  ap_ctrl_hs|  dense_layer.1|  return value|
|ap_return_0   |  out|   10|  ap_ctrl_hs|  dense_layer.1|  return value|
|ap_return_1   |  out|   10|  ap_ctrl_hs|  dense_layer.1|  return value|
|ap_return_2   |  out|   10|  ap_ctrl_hs|  dense_layer.1|  return value|
|ap_return_3   |  out|   10|  ap_ctrl_hs|  dense_layer.1|  return value|
|ap_return_4   |  out|   10|  ap_ctrl_hs|  dense_layer.1|  return value|
|ap_return_5   |  out|   10|  ap_ctrl_hs|  dense_layer.1|  return value|
|ap_return_6   |  out|   10|  ap_ctrl_hs|  dense_layer.1|  return value|
|ap_return_7   |  out|   10|  ap_ctrl_hs|  dense_layer.1|  return value|
|ap_return_8   |  out|   10|  ap_ctrl_hs|  dense_layer.1|  return value|
|ap_return_9   |  out|   10|  ap_ctrl_hs|  dense_layer.1|  return value|
|ap_return_10  |  out|   10|  ap_ctrl_hs|  dense_layer.1|  return value|
|ap_return_11  |  out|   10|  ap_ctrl_hs|  dense_layer.1|  return value|
|ap_return_12  |  out|   10|  ap_ctrl_hs|  dense_layer.1|  return value|
|ap_return_13  |  out|   10|  ap_ctrl_hs|  dense_layer.1|  return value|
|ap_return_14  |  out|   10|  ap_ctrl_hs|  dense_layer.1|  return value|
|ap_return_15  |  out|   10|  ap_ctrl_hs|  dense_layer.1|  return value|
|ap_return_16  |  out|   10|  ap_ctrl_hs|  dense_layer.1|  return value|
|ap_return_17  |  out|   10|  ap_ctrl_hs|  dense_layer.1|  return value|
|ap_return_18  |  out|   10|  ap_ctrl_hs|  dense_layer.1|  return value|
|ap_return_19  |  out|   10|  ap_ctrl_hs|  dense_layer.1|  return value|
|ap_return_20  |  out|   10|  ap_ctrl_hs|  dense_layer.1|  return value|
|ap_return_21  |  out|   10|  ap_ctrl_hs|  dense_layer.1|  return value|
|ap_return_22  |  out|   10|  ap_ctrl_hs|  dense_layer.1|  return value|
|ap_return_23  |  out|   10|  ap_ctrl_hs|  dense_layer.1|  return value|
|ap_return_24  |  out|   10|  ap_ctrl_hs|  dense_layer.1|  return value|
|ap_return_25  |  out|   10|  ap_ctrl_hs|  dense_layer.1|  return value|
|ap_return_26  |  out|   10|  ap_ctrl_hs|  dense_layer.1|  return value|
|ap_return_27  |  out|   10|  ap_ctrl_hs|  dense_layer.1|  return value|
|ap_return_28  |  out|   10|  ap_ctrl_hs|  dense_layer.1|  return value|
|ap_return_29  |  out|   10|  ap_ctrl_hs|  dense_layer.1|  return value|
|ap_return_30  |  out|   10|  ap_ctrl_hs|  dense_layer.1|  return value|
|ap_return_31  |  out|   10|  ap_ctrl_hs|  dense_layer.1|  return value|
|ap_return_32  |  out|   10|  ap_ctrl_hs|  dense_layer.1|  return value|
|ap_return_33  |  out|   10|  ap_ctrl_hs|  dense_layer.1|  return value|
|ap_return_34  |  out|   10|  ap_ctrl_hs|  dense_layer.1|  return value|
|ap_return_35  |  out|   10|  ap_ctrl_hs|  dense_layer.1|  return value|
|ap_return_36  |  out|   10|  ap_ctrl_hs|  dense_layer.1|  return value|
|ap_return_37  |  out|   10|  ap_ctrl_hs|  dense_layer.1|  return value|
|ap_return_38  |  out|   10|  ap_ctrl_hs|  dense_layer.1|  return value|
|ap_return_39  |  out|   10|  ap_ctrl_hs|  dense_layer.1|  return value|
|ap_return_40  |  out|   10|  ap_ctrl_hs|  dense_layer.1|  return value|
|ap_return_41  |  out|   10|  ap_ctrl_hs|  dense_layer.1|  return value|
|ap_return_42  |  out|   10|  ap_ctrl_hs|  dense_layer.1|  return value|
|ap_return_43  |  out|   10|  ap_ctrl_hs|  dense_layer.1|  return value|
|ap_return_44  |  out|   10|  ap_ctrl_hs|  dense_layer.1|  return value|
|ap_return_45  |  out|   10|  ap_ctrl_hs|  dense_layer.1|  return value|
|ap_return_46  |  out|   10|  ap_ctrl_hs|  dense_layer.1|  return value|
|ap_return_47  |  out|   10|  ap_ctrl_hs|  dense_layer.1|  return value|
|ap_return_48  |  out|   10|  ap_ctrl_hs|  dense_layer.1|  return value|
|ap_return_49  |  out|   10|  ap_ctrl_hs|  dense_layer.1|  return value|
|ap_return_50  |  out|   10|  ap_ctrl_hs|  dense_layer.1|  return value|
|ap_return_51  |  out|   10|  ap_ctrl_hs|  dense_layer.1|  return value|
|ap_return_52  |  out|   10|  ap_ctrl_hs|  dense_layer.1|  return value|
|ap_return_53  |  out|   10|  ap_ctrl_hs|  dense_layer.1|  return value|
|ap_return_54  |  out|   10|  ap_ctrl_hs|  dense_layer.1|  return value|
|ap_return_55  |  out|   10|  ap_ctrl_hs|  dense_layer.1|  return value|
|ap_return_56  |  out|   10|  ap_ctrl_hs|  dense_layer.1|  return value|
|ap_return_57  |  out|   10|  ap_ctrl_hs|  dense_layer.1|  return value|
|ap_return_58  |  out|   10|  ap_ctrl_hs|  dense_layer.1|  return value|
|ap_return_59  |  out|   10|  ap_ctrl_hs|  dense_layer.1|  return value|
|ap_return_60  |  out|   10|  ap_ctrl_hs|  dense_layer.1|  return value|
|ap_return_61  |  out|   10|  ap_ctrl_hs|  dense_layer.1|  return value|
|ap_return_62  |  out|   10|  ap_ctrl_hs|  dense_layer.1|  return value|
|ap_return_63  |  out|   10|  ap_ctrl_hs|  dense_layer.1|  return value|
|p_read        |   in|   32|     ap_none|         p_read|        scalar|
|p_read1       |   in|   32|     ap_none|        p_read1|        scalar|
|p_read2       |   in|   32|     ap_none|        p_read2|        scalar|
|p_read3       |   in|   32|     ap_none|        p_read3|        scalar|
+--------------+-----+-----+------------+---------------+--------------+

